### 23.12.2019 11:18:55
index


### 23.12.2019 11:18:59
feedback


### 23.12.2019 11:21:36
feedback


### 23.12.2019 11:21:38
feedback


### 23.12.2019 11:21:41
feedback


### 23.12.2019 11:21:42
news


### 23.12.2019 11:21:44
newspage


### 23.12.2019 11:21:46
news


### 23.12.2019 11:21:47
index


### 23.12.2019 11:21:49
news


### 23.12.2019 11:21:52
news


### 23.12.2019 11:21:54
feedback


### 23.12.2019 11:21:57
feedback


### 23.12.2019 11:22:03
feedback


### 23.12.2019 11:22:03
feedback


### 23.12.2019 11:22:06
feedback


### 23.12.2019 11:22:18
feedback


### 23.12.2019 11:22:18
feedback


### 23.12.2019 11:23:01
feedback


### 23.12.2019 11:23:02
feedback


### 23.12.2019 11:40:04
feedback


### 23.12.2019 11:40:39
feedback


### 23.12.2019 11:42:01
feedback


### 23.12.2019 11:42:08
index


### 23.12.2019 11:42:10
news


### 23.12.2019 11:42:12
news


### 23.12.2019 16:08:22
news


### 23.12.2019 16:08:23
favicon.ico


### 23.12.2019 16:08:46
news


### 23.12.2019 16:08:47
favicon.ico


### 23.12.2019 16:15:19
news


### 23.12.2019 16:15:19
favicon.ico


### 23.12.2019 16:30:43
news


### 23.12.2019 16:30:43
favicon.ico


### 23.12.2019 17:27:47
index


### 23.12.2019 17:27:48
index


### 23.12.2019 17:27:48
favicon.ico


### 23.12.2019 17:27:55
login


### 23.12.2019 17:27:55
index


### 23.12.2019 17:27:56
favicon.ico


### 23.12.2019 17:27:59
favicon.ico


### 23.12.2019 17:28:01
index


### 23.12.2019 17:28:01
favicon.ico


### 23.12.2019 17:28:03
feedback


### 23.12.2019 17:28:03
favicon.ico


### 23.12.2019 17:28:05
favicon.ico


### 23.12.2019 17:28:06
feedback


### 23.12.2019 17:28:07
favicon.ico


### 23.12.2019 17:28:07
news


### 23.12.2019 17:28:08
favicon.ico


### 23.12.2019 17:28:09
index


### 23.12.2019 17:28:09
favicon.ico


### 25.12.2019 09:50:51
index


### 25.12.2019 09:50:56
index


### 25.12.2019 09:50:57
news


### 25.12.2019 09:51:01
news


### 25.12.2019 09:51:03
feedback


### 25.12.2019 09:51:09
feedback


### 25.12.2019 09:51:20
login


### 25.12.2019 09:51:20
index


### 25.12.2019 09:51:23
news


### 25.12.2019 09:51:25
news


### 25.12.2019 10:04:47
logout


### 25.12.2019 10:04:48
index


### 25.12.2019 10:04:51
catalog


### 25.12.2019 10:04:51
img


### 25.12.2019 10:04:51
img


### 25.12.2019 10:04:51
img


### 25.12.2019 10:04:51
img


### 25.12.2019 10:04:58
basket


### 25.12.2019 10:04:58
img


### 25.12.2019 10:06:09
news


### 25.12.2019 10:06:11
feedback


### 25.12.2019 10:06:14
catalog


### 25.12.2019 10:06:14
img


### 25.12.2019 10:06:14
img


### 25.12.2019 10:06:14
img


### 25.12.2019 10:06:14
img


### 25.12.2019 10:06:19
index


### 25.12.2019 10:06:22
basket


### 25.12.2019 10:06:25
catalog


### 25.12.2019 10:06:25
img


### 25.12.2019 10:06:26
img


### 25.12.2019 10:06:26
img


### 25.12.2019 10:06:26
img


### 25.12.2019 10:07:23
news


### 25.12.2019 10:09:06
catalog


### 25.12.2019 10:09:15
basket


### 25.12.2019 10:09:24
login


### 25.12.2019 10:09:24
index


### 25.12.2019 10:09:28
basket


### 25.12.2019 10:09:31
catalog


### 25.12.2019 10:09:35
basket


### 25.12.2019 10:10:12
basket


### 25.12.2019 10:10:18
index


### 25.12.2019 10:10:19
news


### 25.12.2019 10:10:20
catalog


### 25.12.2019 10:12:41
catalog


### 25.12.2019 10:12:44
feedback


### 25.12.2019 10:12:50
basket


### 25.12.2019 10:13:12
order


### 25.12.2019 10:13:19
basket


### 25.12.2019 10:13:33
catalog


### 25.12.2019 10:13:52
index


### 25.12.2019 10:13:52
favicon.ico


### 25.12.2019 10:13:57
favicon.ico


### 25.12.2019 10:13:59
index


### 25.12.2019 10:14:01
favicon.ico


### 25.12.2019 10:14:03
favicon.ico


### 25.12.2019 10:14:05
index


### 25.12.2019 10:14:06
favicon.ico


### 25.12.2019 10:14:19
login


### 25.12.2019 10:14:20
index


### 25.12.2019 10:14:20
favicon.ico


### 25.12.2019 10:14:22
catalog


### 25.12.2019 10:14:22
favicon.ico


### 25.12.2019 10:14:24
basket


### 25.12.2019 10:14:24
favicon.ico


### 25.12.2019 10:14:26
catalog


### 25.12.2019 10:14:26
favicon.ico


### 25.12.2019 10:14:33
logout


### 25.12.2019 10:14:33
index


### 25.12.2019 10:14:34
favicon.ico


### 25.12.2019 10:14:45
index


### 25.12.2019 10:15:18
index


### 25.12.2019 10:15:37
index


### 25.12.2019 10:15:40
news


### 25.12.2019 10:15:41
catalog


### 25.12.2019 10:15:43
feedback


### 25.12.2019 10:15:44
catalog


### 25.12.2019 10:16:09
catalog


### 25.12.2019 10:16:18
catalog


### 25.12.2019 10:17:07
basket


### 25.12.2019 10:17:25
catalog


### 25.12.2019 10:21:28
catalog


### 25.12.2019 10:31:37
news


### 25.12.2019 10:31:39
newspage


### 25.12.2019 10:37:07
news


### 25.12.2019 10:37:26
newspage


### 25.12.2019 10:37:53
news


### 25.12.2019 10:37:54
newspage


### 25.12.2019 10:37:58
news


### 25.12.2019 10:38:09
news


### 25.12.2019 10:38:10
newspage


### 25.12.2019 10:38:18
newspage


### 25.12.2019 10:38:32
news


### 25.12.2019 10:38:33
catalog


### 25.12.2019 10:38:35
feedback


### 25.12.2019 10:38:37
basket


### 25.12.2019 10:38:39
index


### 25.12.2019 10:38:41
news


### 25.12.2019 10:38:43
catalog


### 25.12.2019 10:38:44
feedback


### 25.12.2019 10:38:57
feedback


### 25.12.2019 10:39:02
feedback


### 25.12.2019 10:39:02
feedback


### 25.12.2019 10:39:09
catalog


### 25.12.2019 10:42:00
news


### 25.12.2019 10:42:01
newspage


### 25.12.2019 10:44:05
news


### 25.12.2019 10:44:07
newspage


### 25.12.2019 10:44:44
newspage


### 25.12.2019 10:44:52
newspage


### 25.12.2019 10:45:45
catalog


### 25.12.2019 10:50:50
catalog


### 25.12.2019 10:51:26
catalog


### 25.12.2019 10:51:28
favicon.ico


### 25.12.2019 10:51:28
catalog


### 25.12.2019 10:51:30
favicon.ico


### 25.12.2019 10:52:45
basket


### 25.12.2019 10:52:46
favicon.ico


### 25.12.2019 10:54:47
index


### 25.12.2019 10:54:47
favicon.ico


### 25.12.2019 10:54:48
news


### 25.12.2019 10:54:49
favicon.ico


### 25.12.2019 10:54:50
catalog


### 25.12.2019 10:54:51
favicon.ico


### 25.12.2019 10:55:10
news


### 25.12.2019 10:55:10
favicon.ico


### 25.12.2019 10:55:11
newspage


### 25.12.2019 10:55:11
favicon.ico


### 25.12.2019 10:55:13
news


### 25.12.2019 10:55:14
favicon.ico


### 25.12.2019 10:55:16
catalog


### 25.12.2019 10:55:16
favicon.ico


### 25.12.2019 10:56:41
catalog


### 25.12.2019 10:56:42
favicon.ico


### 25.12.2019 10:57:07
catalog


### 25.12.2019 10:57:08
favicon.ico


### 25.12.2019 10:59:04
catalog


### 25.12.2019 10:59:04
favicon.ico


### 25.12.2019 10:59:18
catalog


### 25.12.2019 10:59:19
favicon.ico


### 25.12.2019 10:59:29
catalog


### 25.12.2019 10:59:30
favicon.ico


### 25.12.2019 11:01:10
catalog


### 25.12.2019 11:01:11
favicon.ico


### 25.12.2019 11:02:19
item


### 25.12.2019 11:02:19
favicon.ico


### 25.12.2019 11:02:29
catalog


### 25.12.2019 11:02:30
favicon.ico


### 25.12.2019 11:03:22
item


### 25.12.2019 11:03:22
favicon.ico


### 25.12.2019 11:07:18
catalog


### 25.12.2019 11:07:19
favicon.ico


### 25.12.2019 11:08:40
basket


### 25.12.2019 11:08:41
favicon.ico


### 25.12.2019 11:08:48
catalog


### 25.12.2019 11:08:49
favicon.ico


### 25.12.2019 11:09:31
basket


### 25.12.2019 11:09:31
favicon.ico


### 25.12.2019 11:09:33
order


### 25.12.2019 11:09:34
favicon.ico


### 25.12.2019 11:09:37
basket


### 25.12.2019 11:09:38
favicon.ico


### 25.12.2019 11:10:30
basket


### 25.12.2019 11:10:31
favicon.ico


### 25.12.2019 11:10:48
index


### 25.12.2019 11:10:49
favicon.ico


### 25.12.2019 11:11:02
basket


### 25.12.2019 11:11:03
favicon.ico


### 25.12.2019 11:11:51
basket


### 25.12.2019 11:11:52
favicon.ico


### 25.12.2019 11:12:51
basket


### 25.12.2019 11:12:51
favicon.ico


### 25.12.2019 11:15:10
basket


### 25.12.2019 11:15:10
favicon.ico


### 25.12.2019 11:16:07
basket


### 25.12.2019 11:16:08
favicon.ico


### 25.12.2019 11:16:15
catalog


### 25.12.2019 11:16:16
favicon.ico


### 25.12.2019 11:16:19
basket


### 25.12.2019 11:16:20
favicon.ico


### 25.12.2019 11:17:44
basket


### 25.12.2019 11:17:45
favicon.ico


### 25.12.2019 11:17:51
catalog


### 25.12.2019 11:17:51
favicon.ico


### 25.12.2019 11:18:19
basket


### 25.12.2019 11:18:20
favicon.ico


### 25.12.2019 11:20:40
basket


### 25.12.2019 11:20:41
favicon.ico


### 25.12.2019 11:20:42
basket


### 25.12.2019 11:20:43
favicon.ico


### 25.12.2019 11:21:09
basket


### 25.12.2019 11:21:10
favicon.ico


### 25.12.2019 11:21:11
basket


### 25.12.2019 11:21:12
favicon.ico


### 25.12.2019 11:21:44
basket


### 25.12.2019 11:21:45
favicon.ico


### 25.12.2019 11:21:53
basket


### 25.12.2019 11:21:54
favicon.ico


### 25.12.2019 11:23:14
basket


### 25.12.2019 11:23:15
favicon.ico


### 25.12.2019 11:25:02
basket


### 25.12.2019 11:25:02
favicon.ico


### 25.12.2019 11:25:26
basket


### 25.12.2019 11:25:26
favicon.ico


### 25.12.2019 11:26:27
basket


### 25.12.2019 11:26:27
favicon.ico


### 25.12.2019 11:26:37
basket


### 25.12.2019 11:26:39
favicon.ico


### 25.12.2019 11:26:41
catalog


### 25.12.2019 11:26:42
favicon.ico


### 25.12.2019 11:26:46
basket


### 25.12.2019 11:26:46
favicon.ico


### 25.12.2019 11:30:55
catalog


### 25.12.2019 11:30:56
favicon.ico


### 25.12.2019 11:31:02
basket


### 25.12.2019 11:31:03
favicon.ico


### 25.12.2019 11:31:39
basket


### 25.12.2019 11:31:40
favicon.ico


### 25.12.2019 11:35:55
basket


### 25.12.2019 11:35:56
favicon.ico


### 25.12.2019 11:36:35
basket


### 25.12.2019 11:36:36
favicon.ico


### 25.12.2019 11:36:37
basket


### 25.12.2019 11:36:38
favicon.ico


### 25.12.2019 11:39:58
catalog


### 25.12.2019 11:39:59
favicon.ico


### 25.12.2019 11:40:56
basket


### 25.12.2019 11:40:56
favicon.ico


### 25.12.2019 11:41:19
basket


### 25.12.2019 11:41:19
favicon.ico


### 25.12.2019 11:41:21
basket


### 25.12.2019 11:41:21
favicon.ico


### 25.12.2019 11:41:26
basket


### 25.12.2019 11:41:27
favicon.ico


### 25.12.2019 11:42:01
catalog


### 25.12.2019 11:42:02
favicon.ico


### 25.12.2019 11:42:23
catalog


### 25.12.2019 11:42:25
favicon.ico


### 25.12.2019 11:42:37
catalog


### 25.12.2019 11:42:38
favicon.ico


### 25.12.2019 11:48:45
catalog


### 25.12.2019 11:48:46
favicon.ico


### 25.12.2019 11:48:48
basket


### 25.12.2019 11:48:49
favicon.ico


### 25.12.2019 11:51:40
basket


### 25.12.2019 11:51:41
favicon.ico


### 25.12.2019 11:51:48
catalog


### 25.12.2019 11:51:49
favicon.ico


### 25.12.2019 11:51:51
basket


### 25.12.2019 11:51:52
favicon.ico


### 25.12.2019 11:52:03
catalog


### 25.12.2019 11:52:03
favicon.ico


### 25.12.2019 12:04:06
basket


### 25.12.2019 12:04:06
favicon.ico


### 25.12.2019 12:04:34
catalog


### 25.12.2019 12:04:35
favicon.ico


### 25.12.2019 12:05:41
basket


### 25.12.2019 12:05:41
favicon.ico


### 25.12.2019 12:05:43
catalog


### 25.12.2019 12:05:44
favicon.ico


### 25.12.2019 12:06:02
catalog


### 25.12.2019 12:06:03
favicon.ico


### 25.12.2019 12:06:10
basket


### 25.12.2019 12:06:10
favicon.ico


### 25.12.2019 12:14:13
basket


### 25.12.2019 12:14:15
favicon.ico


### 25.12.2019 12:14:24
basket


### 25.12.2019 12:14:25
favicon.ico


### 25.12.2019 12:14:37
logout


### 25.12.2019 12:14:37
index


### 25.12.2019 12:14:37
favicon.ico


### 25.12.2019 12:15:38
index


### 25.12.2019 12:15:38
favicon.ico


### 25.12.2019 12:16:19
index


### 25.12.2019 12:16:19
favicon.ico


### 25.12.2019 12:16:33
login


### 25.12.2019 12:16:33
index


### 25.12.2019 12:16:34
favicon.ico


### 25.12.2019 12:16:39
basket


### 25.12.2019 12:16:40
favicon.ico


### 25.12.2019 12:16:43
catalog


### 25.12.2019 12:16:44
favicon.ico


### 25.12.2019 12:16:49
logout


### 25.12.2019 12:16:49
index


### 25.12.2019 12:16:49
favicon.ico


### 25.12.2019 12:19:15
index


### 25.12.2019 12:19:15
favicon.ico


### 25.12.2019 12:19:30
login


### 25.12.2019 12:19:30
index


### 25.12.2019 12:19:30
favicon.ico


### 25.12.2019 12:27:39
index


### 25.12.2019 12:27:39
favicon.ico


### 25.12.2019 12:27:45
logout


### 25.12.2019 12:27:45
index


### 25.12.2019 12:27:46
favicon.ico


### 25.12.2019 12:27:55
index


### 25.12.2019 12:27:56
favicon.ico


### 25.12.2019 12:27:56
news


### 25.12.2019 12:27:57
favicon.ico


### 25.12.2019 12:27:57
catalog


### 25.12.2019 12:27:58
favicon.ico


### 25.12.2019 12:28:05
basket


### 25.12.2019 12:28:05
favicon.ico


### 25.12.2019 12:28:12
login


### 25.12.2019 12:28:12
index


### 25.12.2019 12:28:13
favicon.ico


### 25.12.2019 12:28:16
catalog


### 25.12.2019 12:28:17
favicon.ico


### 25.12.2019 12:28:24
basket


### 25.12.2019 12:28:24
favicon.ico


### 25.12.2019 12:28:27
catalog


### 25.12.2019 12:28:28
favicon.ico


### 25.12.2019 12:28:32
basket


### 25.12.2019 12:28:33
favicon.ico


### 25.12.2019 12:38:46
index


### 25.12.2019 12:38:47
favicon.ico


### 25.12.2019 12:38:50
index


### 25.12.2019 12:38:51
favicon.ico


### 25.12.2019 12:38:51
news


### 25.12.2019 12:38:52
favicon.ico


### 25.12.2019 12:38:53
catalog


### 25.12.2019 12:38:57
favicon.ico


### 25.12.2019 12:39:07
basket


### 25.12.2019 12:39:08
favicon.ico


### 25.12.2019 12:39:19
basket


### 25.12.2019 12:39:19
favicon.ico


### 25.12.2019 14:23:11
order


### 25.12.2019 14:23:12
favicon.ico


### 25.12.2019 14:23:13
basket


### 25.12.2019 14:23:14
favicon.ico


### 25.12.2019 14:29:29
basket


### 25.12.2019 14:29:30
favicon.ico


### 25.12.2019 14:40:21
basket


### 25.12.2019 14:40:21
favicon.ico


### 25.12.2019 14:41:04
basket


### 25.12.2019 14:41:05
favicon.ico


### 25.12.2019 14:41:06
basket


### 25.12.2019 14:41:06
favicon.ico


### 25.12.2019 14:41:20
basket


### 25.12.2019 14:41:21
favicon.ico


### 25.12.2019 14:41:21
basket


### 25.12.2019 14:41:28
favicon.ico


### 25.12.2019 14:41:59
basket


### 25.12.2019 14:41:59
favicon.ico


### 25.12.2019 14:42:14
catalog


### 25.12.2019 14:42:15
favicon.ico


### 25.12.2019 14:42:17
basket


### 25.12.2019 14:42:18
favicon.ico


### 25.12.2019 14:43:07
basket


### 25.12.2019 14:43:08
favicon.ico


### 25.12.2019 14:43:23
basket


### 25.12.2019 14:43:24
favicon.ico


### 25.12.2019 14:43:27
catalog


### 25.12.2019 14:43:30
favicon.ico


### 25.12.2019 14:43:34
basket


### 25.12.2019 14:43:35
favicon.ico


### 25.12.2019 14:48:14
basket


### 25.12.2019 14:48:15
favicon.ico


### 25.12.2019 14:48:31
basket


### 25.12.2019 14:48:32
favicon.ico


### 25.12.2019 14:48:33
catalog


### 25.12.2019 14:48:38
favicon.ico


### 25.12.2019 14:58:22
catalog


### 25.12.2019 14:58:22
favicon.ico


### 25.12.2019 15:14:02
catalog


### 25.12.2019 15:14:03
favicon.ico


### 25.12.2019 15:14:04
basket


### 25.12.2019 15:14:05
favicon.ico


### 25.12.2019 15:15:36
basket


### 25.12.2019 15:15:37
favicon.ico


### 25.12.2019 15:16:58
basket


### 25.12.2019 15:16:58
favicon.ico


### 25.12.2019 15:17:18
basket


### 25.12.2019 15:17:19
favicon.ico


### 25.12.2019 15:32:01
baskets


### 25.12.2019 15:32:01
favicon.ico


### 25.12.2019 15:32:03
basket


### 25.12.2019 15:32:04
favicon.ico


### 25.12.2019 15:32:05
basket


### 25.12.2019 15:32:05
favicon.ico


### 25.12.2019 15:32:38
order


### 25.12.2019 15:32:39
favicon.ico


### 25.12.2019 15:32:41
basket


### 25.12.2019 15:32:41
favicon.ico


### 25.12.2019 15:39:32
basket


### 25.12.2019 15:39:33
favicon.ico


### 25.12.2019 15:39:35
catalog


### 25.12.2019 15:39:38
favicon.ico


### 25.12.2019 15:40:11
catalog


### 25.12.2019 15:40:12
favicon.ico


### 25.12.2019 15:40:35
catalog


### 25.12.2019 15:40:37
favicon.ico


### 25.12.2019 15:40:42
basket


### 25.12.2019 15:40:42
favicon.ico


### 25.12.2019 15:42:45
catalog


### 25.12.2019 15:42:46
favicon.ico


### 25.12.2019 15:45:17
catalog


### 25.12.2019 15:45:18
favicon.ico


### 25.12.2019 15:48:22
catalog


### 25.12.2019 15:48:23
favicon.ico


### 25.12.2019 15:48:40
basket


### 25.12.2019 15:48:40
favicon.ico


### 25.12.2019 15:51:09
basket


### 25.12.2019 15:51:10
favicon.ico


### 25.12.2019 15:51:13
catalog


### 25.12.2019 15:51:14
favicon.ico


### 25.12.2019 15:51:33
basket


### 25.12.2019 15:51:34
favicon.ico


### 25.12.2019 15:51:58
basket


### 25.12.2019 15:51:59
favicon.ico


### 25.12.2019 15:52:13
basket


### 25.12.2019 15:52:13
favicon.ico


### 25.12.2019 15:53:05
catalog


### 25.12.2019 15:53:05
favicon.ico


### 25.12.2019 15:58:29
catalog


### 25.12.2019 15:58:30
favicon.ico


### 25.12.2019 15:59:23
catalog


### 25.12.2019 15:59:24
favicon.ico


### 25.12.2019 16:00:38
catalog


### 25.12.2019 16:00:39
favicon.ico


### 25.12.2019 16:00:41
basket


### 25.12.2019 16:00:42
favicon.ico


### 25.12.2019 16:01:16
basket


### 25.12.2019 16:01:17
favicon.ico


### 25.12.2019 16:02:18
catalog


### 25.12.2019 16:02:19
favicon.ico


### 25.12.2019 16:03:02
basket


### 25.12.2019 16:03:03
favicon.ico


### 25.12.2019 16:04:01
basket


### 25.12.2019 16:04:02
favicon.ico


### 25.12.2019 16:04:04
catalog


### 25.12.2019 16:04:05
favicon.ico


### 25.12.2019 16:05:08
catalog


### 25.12.2019 16:05:09
favicon.ico


### 25.12.2019 16:05:55
catalog


### 25.12.2019 16:05:56
favicon.ico


### 25.12.2019 16:06:13
catalog


### 25.12.2019 16:06:14
favicon.ico


### 25.12.2019 16:06:38
catalog


### 25.12.2019 16:06:39
favicon.ico


### 25.12.2019 16:07:09
catalog


### 25.12.2019 16:07:10
favicon.ico


### 25.12.2019 16:07:26
catalog


### 25.12.2019 16:07:27
favicon.ico


### 25.12.2019 16:08:44
catalog


### 25.12.2019 16:08:46
favicon.ico


### 25.12.2019 16:11:00
catalog


### 25.12.2019 16:11:02
favicon.ico


### 25.12.2019 16:11:19
catalog


### 25.12.2019 16:11:20
favicon.ico


### 25.12.2019 16:11:26
catalog


### 25.12.2019 16:11:27
favicon.ico


### 25.12.2019 16:11:33
basket


### 25.12.2019 16:11:33
favicon.ico


### 25.12.2019 16:14:20
basket


### 25.12.2019 16:14:21
favicon.ico


### 25.12.2019 16:14:31
basket


### 25.12.2019 16:14:31
favicon.ico


### 25.12.2019 16:14:36
catalog


### 25.12.2019 16:14:37
favicon.ico


### 25.12.2019 16:19:29
catalog


### 25.12.2019 16:19:30
favicon.ico


### 25.12.2019 16:23:12
catalog


### 25.12.2019 16:23:13
favicon.ico


### 25.12.2019 16:23:18
basket


### 25.12.2019 16:23:19
favicon.ico


### 25.12.2019 16:24:46
basket


### 25.12.2019 16:24:47
favicon.ico


### 25.12.2019 16:24:51
catalog


### 25.12.2019 16:24:52
favicon.ico


### 25.12.2019 16:25:17
catalog


### 25.12.2019 16:25:17
favicon.ico


### 25.12.2019 16:26:05
catalog


### 25.12.2019 16:26:06
favicon.ico


### 25.12.2019 16:26:32
catalog


### 25.12.2019 16:26:33
favicon.ico


### 25.12.2019 16:26:43
basket


### 25.12.2019 16:26:43
favicon.ico


### 25.12.2019 16:28:11
feedback


### 25.12.2019 16:28:12
favicon.ico


### 25.12.2019 16:28:13
basket


### 25.12.2019 16:28:14
favicon.ico


### 25.12.2019 16:28:32
basket


### 25.12.2019 16:28:34
favicon.ico


### 25.12.2019 16:33:37
basket


### 25.12.2019 16:33:38
favicon.ico


### 25.12.2019 16:33:42
catalog


### 25.12.2019 16:33:43
favicon.ico


### 25.12.2019 16:34:09
catalog


### 25.12.2019 16:34:10
favicon.ico


### 25.12.2019 16:34:23
basket


### 25.12.2019 16:34:24
favicon.ico


### 25.12.2019 16:35:22
catalog


### 25.12.2019 16:35:23
favicon.ico


### 25.12.2019 16:37:52
catalog


### 25.12.2019 16:37:53
favicon.ico


### 25.12.2019 16:39:52
catalog


### 25.12.2019 16:39:53
favicon.ico


### 25.12.2019 16:53:56
catalog


### 25.12.2019 16:53:58
favicon.ico


### 25.12.2019 16:54:53
basket


### 25.12.2019 16:54:54
favicon.ico


### 25.12.2019 16:57:49
basket


### 25.12.2019 16:57:50
favicon.ico


### 25.12.2019 16:58:48
basket


### 25.12.2019 16:58:49
favicon.ico


