### 28.12.2019 17:35:51
orders


### 28.12.2019 17:35:51
favicon.ico


### 28.12.2019 17:36:37
orders


### 28.12.2019 17:36:37
favicon.ico


### 28.12.2019 17:41:29
basket


### 28.12.2019 17:41:29
favicon.ico


### 28.12.2019 17:41:31
feedback


### 28.12.2019 17:41:31
favicon.ico


### 28.12.2019 17:41:32
catalog


### 28.12.2019 17:41:33
favicon.ico


### 28.12.2019 17:41:35
news


### 28.12.2019 17:41:35
favicon.ico


### 28.12.2019 17:41:36
index


### 28.12.2019 17:41:36
favicon.ico


### 28.12.2019 17:41:37
orders


### 28.12.2019 17:41:38
favicon.ico


### 28.12.2019 17:41:39
basket


### 28.12.2019 17:41:40
favicon.ico


### 28.12.2019 17:44:36
basket


### 28.12.2019 17:44:36
favicon.ico


### 28.12.2019 17:44:46
feedback


### 28.12.2019 17:44:46
favicon.ico


### 28.12.2019 17:44:47
orders


### 28.12.2019 17:44:47
favicon.ico


### 28.12.2019 17:44:48
basket


### 28.12.2019 17:44:48
favicon.ico


### 28.12.2019 17:45:30
basket


### 28.12.2019 17:45:30
favicon.ico


### 28.12.2019 17:45:37
logout


### 28.12.2019 17:45:37
index


### 28.12.2019 17:45:37
favicon.ico


### 28.12.2019 17:45:41
login


### 28.12.2019 17:45:41
index


### 28.12.2019 17:45:42
favicon.ico


### 28.12.2019 17:45:43
basket


### 28.12.2019 17:45:44
favicon.ico


### 28.12.2019 17:48:38
logout


### 28.12.2019 17:48:39
index


### 28.12.2019 17:48:39
favicon.ico


### 28.12.2019 17:48:43
login


### 28.12.2019 17:48:43
index


### 28.12.2019 17:48:43
favicon.ico


### 28.12.2019 17:48:45
orders


### 28.12.2019 17:48:45
favicon.ico


### 28.12.2019 17:48:50
orders


### 28.12.2019 17:48:50
favicon.ico


### 28.12.2019 17:48:52
order


### 28.12.2019 17:48:53
favicon.ico


### 28.12.2019 17:48:56
orders


### 28.12.2019 17:48:56
favicon.ico


### 28.12.2019 17:53:07
orders


### 28.12.2019 17:53:08
favicon.ico


### 28.12.2019 17:58:26
order


### 28.12.2019 17:58:26
favicon.ico


### 28.12.2019 17:58:47
order


### 28.12.2019 17:58:47
favicon.ico


### 28.12.2019 17:58:49
order


### 28.12.2019 17:58:51
favicon.ico


### 28.12.2019 17:58:52
orders


### 28.12.2019 17:58:53
favicon.ico


### 28.12.2019 17:59:19
orders


### 28.12.2019 17:59:19
favicon.ico


### 28.12.2019 18:02:26
orders


### 28.12.2019 18:02:26
favicon.ico


### 28.12.2019 18:02:32
orders


### 28.12.2019 18:02:33
favicon.ico


### 28.12.2019 18:02:56
orders


### 28.12.2019 18:02:56
favicon.ico


### 28.12.2019 18:04:55
orders


### 28.12.2019 18:04:55
favicon.ico


### 28.12.2019 18:05:20
orders


### 28.12.2019 18:05:21
favicon.ico


### 28.12.2019 18:06:01
orders


### 28.12.2019 18:06:01
favicon.ico


### 28.12.2019 18:06:19
orders


### 28.12.2019 18:06:20
favicon.ico


### 28.12.2019 18:08:18
orders


### 28.12.2019 18:08:18
favicon.ico


### 28.12.2019 18:10:00
orders


### 28.12.2019 18:10:00
favicon.ico


### 28.12.2019 18:10:15
orders


### 28.12.2019 18:10:15
favicon.ico


### 28.12.2019 18:10:51
orders


### 28.12.2019 18:10:52
favicon.ico


### 28.12.2019 18:11:05
order


### 28.12.2019 18:11:06
favicon.ico


### 28.12.2019 18:11:16
orders


### 28.12.2019 18:11:16
favicon.ico


### 28.12.2019 18:11:46
orders


### 28.12.2019 18:11:46
favicon.ico


### 28.12.2019 18:12:11
orders


### 28.12.2019 18:12:11
favicon.ico


### 28.12.2019 18:13:43
orders


### 28.12.2019 18:13:43
favicon.ico


### 28.12.2019 18:13:54
orders


### 28.12.2019 18:13:55
favicon.ico


### 28.12.2019 18:14:11
orders


### 28.12.2019 18:14:11
favicon.ico


### 28.12.2019 18:14:29
orders


### 28.12.2019 18:14:29
favicon.ico


### 28.12.2019 18:14:48
orders


### 28.12.2019 18:14:48
favicon.ico


### 28.12.2019 18:15:36
orders


### 28.12.2019 18:15:36
favicon.ico


### 28.12.2019 18:15:54
orders


### 28.12.2019 18:15:55
favicon.ico


### 28.12.2019 18:16:13
orders


### 28.12.2019 18:16:13
favicon.ico


### 28.12.2019 18:16:40
orders


### 28.12.2019 18:16:41
favicon.ico


### 28.12.2019 18:17:34
orders


### 28.12.2019 18:17:34
favicon.ico


### 28.12.2019 18:18:16
orders


### 28.12.2019 18:18:17
favicon.ico


### 28.12.2019 18:18:30
orders


### 28.12.2019 18:18:30
favicon.ico


### 28.12.2019 18:22:46
orders


### 28.12.2019 18:22:47
favicon.ico


### 28.12.2019 18:22:51
order


### 28.12.2019 18:22:52
favicon.ico


### 28.12.2019 18:22:54
orders


### 28.12.2019 18:22:54
favicon.ico


### 28.12.2019 18:23:41
orders


### 28.12.2019 18:23:42
favicon.ico


### 28.12.2019 18:25:15
orders


### 28.12.2019 18:25:16
favicon.ico


### 28.12.2019 18:26:07
orders


### 28.12.2019 18:26:07
favicon.ico


### 28.12.2019 18:26:58
orders


### 28.12.2019 18:26:58
favicon.ico


### 28.12.2019 18:27:25
orders


### 28.12.2019 18:27:25
favicon.ico


### 28.12.2019 18:28:16
orders


### 28.12.2019 18:28:17
favicon.ico


### 28.12.2019 18:29:29
orders


### 28.12.2019 18:29:29
favicon.ico


### 28.12.2019 18:29:37
orders


### 28.12.2019 18:29:38
favicon.ico


### 28.12.2019 18:30:02
orders


### 28.12.2019 18:30:02
favicon.ico


### 28.12.2019 18:36:32
order


### 28.12.2019 18:36:33
favicon.ico


### 28.12.2019 18:36:42
orders


### 28.12.2019 18:36:43
favicon.ico


### 28.12.2019 18:36:52
logout


### 28.12.2019 18:36:53
index


### 28.12.2019 18:36:53
favicon.ico


### 28.12.2019 18:37:03
favicon.ico


### 28.12.2019 18:37:05
index


### 28.12.2019 18:37:05
favicon.ico


### 28.12.2019 18:37:10
favicon.ico


### 28.12.2019 18:37:37
index


### 28.12.2019 18:37:37
favicon.ico


### 28.12.2019 18:37:40
favicon.ico


### 28.12.2019 18:37:42
index


### 28.12.2019 18:37:42
favicon.ico


### 28.12.2019 18:37:45
favicon.ico


### 28.12.2019 18:37:46
index


### 28.12.2019 18:37:47
favicon.ico


### 28.12.2019 18:37:49
favicon.ico


### 28.12.2019 18:37:50
index


### 28.12.2019 18:37:51
favicon.ico


### 28.12.2019 18:37:52
index


### 28.12.2019 18:37:52
favicon.ico


### 28.12.2019 18:38:00
favicon.ico


### 28.12.2019 18:38:01
index


### 28.12.2019 18:38:01
favicon.ico


### 28.12.2019 18:38:06
favicon.ico


### 28.12.2019 18:38:07
index


### 28.12.2019 18:38:08
favicon.ico


### 28.12.2019 18:38:14
login


### 28.12.2019 18:38:14
index


### 28.12.2019 18:38:14
favicon.ico


### 28.12.2019 18:38:17
catalog


### 28.12.2019 18:38:19
favicon.ico


### 28.12.2019 18:38:34
basket


### 28.12.2019 18:38:35
favicon.ico


### 28.12.2019 18:38:49
logout


### 28.12.2019 18:38:49
index


### 28.12.2019 18:38:50
favicon.ico


### 28.12.2019 18:38:53
login


### 28.12.2019 18:38:54
index


### 28.12.2019 18:38:54
favicon.ico


### 28.12.2019 18:38:56
orders


### 28.12.2019 18:38:56
favicon.ico


### 28.12.2019 18:38:58
order


### 28.12.2019 18:38:59
favicon.ico


### 28.12.2019 18:39:03
orders


### 28.12.2019 18:39:04
favicon.ico


### 28.12.2019 18:40:05
orders


### 28.12.2019 18:40:05
favicon.ico


### 28.12.2019 18:42:28
index


### 28.12.2019 18:42:28
favicon.ico


### 28.12.2019 18:43:42
index


### 28.12.2019 18:43:42
favicon.ico


### 28.12.2019 18:44:28
index


### 28.12.2019 18:44:28
favicon.ico


### 28.12.2019 18:55:04
index


### 28.12.2019 18:55:04
favicon.ico


### 28.12.2019 18:55:13
index


### 28.12.2019 18:55:14
favicon.ico


### 28.12.2019 18:55:29
orders


### 28.12.2019 18:55:30
favicon.ico


### 28.12.2019 18:55:31
order


### 28.12.2019 18:55:32
favicon.ico


### 28.12.2019 18:55:33
orders


### 28.12.2019 18:55:34
favicon.ico


### 28.12.2019 18:58:50
basket


### 28.12.2019 18:58:50
favicon.ico


### 28.12.2019 18:58:52
orders


### 28.12.2019 18:58:52
favicon.ico


### 28.12.2019 18:59:10
orders


### 28.12.2019 18:59:10
favicon.ico


### 28.12.2019 18:59:12
orders


### 28.12.2019 18:59:12
favicon.ico


### 28.12.2019 19:02:13
orders


### 28.12.2019 19:02:13
favicon.ico


### 28.12.2019 19:04:14
orders


### 28.12.2019 19:04:14
favicon.ico


### 28.12.2019 19:07:22
orders


### 28.12.2019 19:07:23
favicon.ico


### 28.12.2019 19:07:28
catalog


### 28.12.2019 19:07:29
favicon.ico


### 28.12.2019 19:08:03
catalog


### 28.12.2019 19:08:04
favicon.ico


### 28.12.2019 19:08:07
basket


### 28.12.2019 19:08:07
favicon.ico


### 28.12.2019 19:08:17
orders


### 28.12.2019 19:08:17
favicon.ico


### 28.12.2019 19:08:19
order


### 28.12.2019 19:08:20
favicon.ico


### 28.12.2019 19:08:26
orders


### 28.12.2019 19:08:26
favicon.ico


### 28.12.2019 19:08:31
index


### 28.12.2019 19:08:31
favicon.ico


### 28.12.2019 19:08:32
news


### 28.12.2019 19:08:33
favicon.ico


### 28.12.2019 19:08:34
newspage


### 28.12.2019 19:08:34
favicon.ico


### 28.12.2019 19:08:35
news


### 28.12.2019 19:08:36
favicon.ico


### 28.12.2019 19:08:38
catalog


### 28.12.2019 19:08:39
favicon.ico


### 28.12.2019 19:08:51
feedback


### 28.12.2019 19:08:51
favicon.ico


### 28.12.2019 19:08:56
basket


### 28.12.2019 19:08:57
favicon.ico


### 28.12.2019 19:08:58
orders


### 28.12.2019 19:08:58
favicon.ico


### 28.12.2019 19:08:59
basket


### 28.12.2019 19:09:00
favicon.ico


### 28.12.2019 19:09:00
feedback


### 28.12.2019 19:09:00
favicon.ico


### 28.12.2019 19:09:04
orders


### 28.12.2019 19:09:05
favicon.ico


### 28.12.2019 19:10:31
basket


### 28.12.2019 19:10:31
favicon.ico


### 28.12.2019 19:10:33
orders


### 28.12.2019 19:10:33
favicon.ico


### 28.12.2019 19:11:03
orders


### 28.12.2019 19:11:04
favicon.ico


### 28.12.2019 19:11:27
orders


### 28.12.2019 19:11:27
favicon.ico


### 28.12.2019 19:11:27
basket


### 28.12.2019 19:11:28
favicon.ico


### 28.12.2019 19:13:51
orders


### 28.12.2019 19:13:52
favicon.ico


### 28.12.2019 19:14:23
orders


### 28.12.2019 19:14:23
favicon.ico


### 28.12.2019 19:14:32
orders


### 28.12.2019 19:14:33
favicon.ico


### 28.12.2019 19:14:34
orders


### 28.12.2019 19:14:34
favicon.ico


### 28.12.2019 19:15:40
orders


### 28.12.2019 19:15:41
favicon.ico


### 28.12.2019 19:15:50
orders


### 28.12.2019 19:15:50
favicon.ico


### 28.12.2019 19:16:15
orders


### 28.12.2019 19:16:15
favicon.ico


### 28.12.2019 19:16:29
orders


### 28.12.2019 19:16:30
favicon.ico


### 28.12.2019 19:16:41
order


### 28.12.2019 19:16:42
favicon.ico


### 28.12.2019 19:16:53
orders


### 28.12.2019 19:16:54
favicon.ico


### 28.12.2019 19:16:56
basket


### 28.12.2019 19:16:57
favicon.ico


### 28.12.2019 19:16:59
feedback


### 28.12.2019 19:17:00
favicon.ico


### 28.12.2019 19:17:01
catalog


### 28.12.2019 19:17:02
favicon.ico


### 28.12.2019 19:17:03
news


### 28.12.2019 19:17:04
favicon.ico


### 28.12.2019 19:17:05
index


### 28.12.2019 19:17:06
favicon.ico


### 28.12.2019 19:17:08
basket


### 28.12.2019 19:17:09
favicon.ico


### 28.12.2019 19:17:10
orders


### 28.12.2019 19:17:10
favicon.ico


### 28.12.2019 19:19:41
catalog


### 28.12.2019 19:19:42
favicon.ico


### 28.12.2019 19:22:12
catalog


### 28.12.2019 19:22:13
favicon.ico


### 28.12.2019 19:22:14
index


### 28.12.2019 19:22:14
favicon.ico


### 28.12.2019 19:22:15
news


### 28.12.2019 19:22:15
favicon.ico


### 28.12.2019 19:22:16
catalog


### 28.12.2019 19:22:17
favicon.ico


### 28.12.2019 19:22:22
basket


### 28.12.2019 19:22:22
favicon.ico


### 28.12.2019 19:22:27
orders


### 28.12.2019 19:22:27
favicon.ico


### 28.12.2019 19:22:28
order


### 28.12.2019 19:22:29
favicon.ico


### 28.12.2019 19:22:31
orders


### 28.12.2019 19:22:31
favicon.ico


### 28.12.2019 19:22:32
order


### 28.12.2019 19:22:33
favicon.ico


### 28.12.2019 19:22:37
orders


### 28.12.2019 19:22:37
favicon.ico


### 28.12.2019 19:23:42
catalog


### 28.12.2019 19:23:43
favicon.ico


### 28.12.2019 19:23:43
basket


### 28.12.2019 19:23:43
favicon.ico


