### 28.12.2019 18:38:59
Array
(
    [auth] => 1
    [user] => admin
    [tel] => +14109573877
    [count] => 0
)



### 28.12.2019 18:39:03
Array
(
    [auth] => 1
    [user] => admin
    [tel] => +14109573877
    [count] => 0
    [orders] => Array
        (
            [0] => Array
                (
                    [id] => 8
                    [session_id] => kmcot1bbel6c282ssh7r5d5ks4drq55t
                    [login] => Dmitriy
                    [tel] => +7 (123) 465-66-56
                    [address] => oceancity, md
                )

            [1] => Array
                (
                    [id] => 10
                    [session_id] => 9gveo3lpgie2m1enlccmm3ifgvi4v52f
                    [login] => Racoon
                    [tel] => +7 (554) 545-45-45
                    [address] => oceancity, md
                )

            [2] => Array
                (
                    [id] => 11
                    [session_id] => rk8ov6s8sp27p88lv99ljgpar1d3r07c
                    [login] => mike
                    [tel] => +79991712017
                    [address] => pocomoke, md
                )

        )

)



### 28.12.2019 18:39:04
Array
(
    [auth] => 1
    [user] => admin
    [tel] => +14109573877
    [count] => 0
)



### 28.12.2019 18:40:05
Array
(
    [auth] => 1
    [user] => admin
    [tel] => +14109573877
    [count] => 0
    [orders] => Array
        (
            [0] => Array
                (
                    [id] => 8
                    [session_id] => kmcot1bbel6c282ssh7r5d5ks4drq55t
                    [login] => Dmitriy
                    [tel] => +7 (123) 465-66-56
                    [address] => oceancity, md
                )

            [1] => Array
                (
                    [id] => 10
                    [session_id] => 9gveo3lpgie2m1enlccmm3ifgvi4v52f
                    [login] => Racoon
                    [tel] => +7 (554) 545-45-45
                    [address] => salisbury, md
                )

            [2] => Array
                (
                    [id] => 11
                    [session_id] => rk8ov6s8sp27p88lv99ljgpar1d3r07c
                    [login] => mike
                    [tel] => +79991712017
                    [address] => pocomoke, md
                )

        )

)



### 28.12.2019 18:40:05
Array
(
    [auth] => 1
    [user] => admin
    [tel] => +14109573877
    [count] => 0
)



### 28.12.2019 18:42:28
Array
(
    [auth] => 1
    [user] => admin
    [tel] => +14109573877
    [count] => 0
)



### 28.12.2019 18:42:28
Array
(
    [auth] => 1
    [user] => admin
    [tel] => +14109573877
    [count] => 0
)



### 28.12.2019 18:43:42
Array
(
    [auth] => 1
    [user] => admin
    [tel] => +14109573877
    [count] => 0
)



### 28.12.2019 18:43:42
Array
(
    [auth] => 1
    [user] => admin
    [tel] => +14109573877
    [count] => 0
)



### 28.12.2019 18:44:28
Array
(
    [auth] => 1
    [user] => admin
    [tel] => +14109573877
    [count] => 0
)



### 28.12.2019 18:44:28
Array
(
    [auth] => 1
    [user] => admin
    [tel] => +14109573877
    [count] => 0
)



### 28.12.2019 18:55:04
Array
(
    [auth] => 1
    [user] => admin
    [tel] => +14109573877
    [count] => 0
)



### 28.12.2019 18:55:04
Array
(
    [auth] => 1
    [user] => admin
    [tel] => +14109573877
    [count] => 0
)



### 28.12.2019 18:55:13
Array
(
    [auth] => 1
    [user] => admin
    [tel] => +14109573877
    [count] => 0
)



### 28.12.2019 18:55:14
Array
(
    [auth] => 1
    [user] => admin
    [tel] => +14109573877
    [count] => 0
)



### 28.12.2019 18:55:29
Array
(
    [auth] => 1
    [user] => admin
    [tel] => +14109573877
    [count] => 0
    [orders] => Array
        (
            [0] => Array
                (
                    [id] => 8
                    [session_id] => kmcot1bbel6c282ssh7r5d5ks4drq55t
                    [login] => Dmitriy
                    [tel] => +7 (123) 465-66-56
                    [address] => oceancity, md
                )

            [1] => Array
                (
                    [id] => 10
                    [session_id] => 9gveo3lpgie2m1enlccmm3ifgvi4v52f
                    [login] => Racoon
                    [tel] => +7 (554) 545-45-45
                    [address] => salisbury, md
                )

            [2] => Array
                (
                    [id] => 11
                    [session_id] => rk8ov6s8sp27p88lv99ljgpar1d3r07c
                    [login] => mike
                    [tel] => +79991712017
                    [address] => pocomoke, md
                )

        )

)



### 28.12.2019 18:55:30
Array
(
    [auth] => 1
    [user] => admin
    [tel] => +14109573877
    [count] => 0
)



### 28.12.2019 18:55:31
Array
(
    [auth] => 1
    [user] => admin
    [tel] => +14109573877
    [count] => 0
    [order] => Array
        (
            [0] => Array
                (
                    [id] => 1
                    [goods_id] => 1
                    [session_id] => kmcot1bbel6c282ssh7r5d5ks4drq55t
                    [login] => Dmitriy
                    [tel] => +7 (123) 465-66-56
                    [address] => oceancity, md
                    [name] => Футболка
                    [image] => shirt1.jpg
                    [short_desc] => Мужская футболка
                    [description] => Мужская футболка с модным принтом
                    [price] => 100
                    [likes] => 3
                )

            [1] => Array
                (
                    [id] => 3
                    [goods_id] => 3
                    [session_id] => kmcot1bbel6c282ssh7r5d5ks4drq55t
                    [login] => Dmitriy
                    [tel] => +7 (123) 465-66-56
                    [address] => oceancity, md
                    [name] => Куртка
                    [image] => shirt3.jpg
                    [short_desc] => Куртка мужская
                    [description] => Стильная мужская куртка с дутым эффектом
                    [price] => 300
                    [likes] => 0
                )

            [2] => Array
                (
                    [id] => 4
                    [goods_id] => 4
                    [session_id] => kmcot1bbel6c282ssh7r5d5ks4drq55t
                    [login] => Dmitriy
                    [tel] => +7 (123) 465-66-56
                    [address] => oceancity, md
                    [name] => Платье
                    [image] => shirt4.jpg
                    [short_desc] => Платье весеннее
                    [description] => Весеннее платье с нарядным принтом
                    [price] => 170
                    [likes] => 1
                )

        )

    [summ] => 570
)



### 28.12.2019 18:55:32
Array
(
    [auth] => 1
    [user] => admin
    [tel] => +14109573877
    [count] => 0
)



### 28.12.2019 18:55:33
Array
(
    [auth] => 1
    [user] => admin
    [tel] => +14109573877
    [count] => 0
    [orders] => Array
        (
            [0] => Array
                (
                    [id] => 8
                    [session_id] => kmcot1bbel6c282ssh7r5d5ks4drq55t
                    [login] => Dmitriy
                    [tel] => +7 (123) 465-66-56
                    [address] => oceancity, md
                )

            [1] => Array
                (
                    [id] => 10
                    [session_id] => 9gveo3lpgie2m1enlccmm3ifgvi4v52f
                    [login] => Racoon
                    [tel] => +7 (554) 545-45-45
                    [address] => salisbury, md
                )

            [2] => Array
                (
                    [id] => 11
                    [session_id] => rk8ov6s8sp27p88lv99ljgpar1d3r07c
                    [login] => mike
                    [tel] => +79991712017
                    [address] => pocomoke, md
                )

        )

)



### 28.12.2019 18:55:34
Array
(
    [auth] => 1
    [user] => admin
    [tel] => +14109573877
    [count] => 0
)



### 28.12.2019 18:58:50
Array
(
    [auth] => 1
    [user] => admin
    [tel] => +14109573877
    [count] => 0
    [basket] => Array
        (
        )

    [summ] =>
)



### 28.12.2019 18:58:50
Array
(
    [auth] => 1
    [user] => admin
    [tel] => +14109573877
    [count] => 0
)



### 28.12.2019 18:58:52
Array
(
    [auth] => 1
    [user] => admin
    [tel] => +14109573877
    [count] => 0
    [orders] => Array
        (
            [0] => Array
                (
                    [id] => 8
                    [session_id] => kmcot1bbel6c282ssh7r5d5ks4drq55t
                    [login] => Dmitriy
                    [tel] => +7 (123) 465-66-56
                    [address] => oceancity, md
                )

            [1] => Array
                (
                    [id] => 10
                    [session_id] => 9gveo3lpgie2m1enlccmm3ifgvi4v52f
                    [login] => Racoon
                    [tel] => +7 (554) 545-45-45
                    [address] => salisbury, md
                )

            [2] => Array
                (
                    [id] => 11
                    [session_id] => rk8ov6s8sp27p88lv99ljgpar1d3r07c
                    [login] => mike
                    [tel] => +79991712017
                    [address] => pocomoke, md
                )

        )

)



### 28.12.2019 18:58:52
Array
(
    [auth] => 1
    [user] => admin
    [tel] => +14109573877
    [count] => 0
)



### 28.12.2019 18:59:10
Array
(
    [auth] => 1
    [user] => admin
    [tel] => +14109573877
    [count] => 0
    [orders] => Array
        (
            [0] => Array
                (
                    [id] => 8
                    [session_id] => kmcot1bbel6c282ssh7r5d5ks4drq55t
                    [login] => Dmitriy
                    [tel] => +7 (123) 465-66-56
                    [address] => oceancity, md
                )

            [1] => Array
                (
                    [id] => 10
                    [session_id] => 9gveo3lpgie2m1enlccmm3ifgvi4v52f
                    [login] => Racoon
                    [tel] => +7 (554) 545-45-45
                    [address] => salisbury, md
                )

            [2] => Array
                (
                    [id] => 11
                    [session_id] => rk8ov6s8sp27p88lv99ljgpar1d3r07c
                    [login] => mike
                    [tel] => +79991712017
                    [address] => pocomoke, md
                )

        )

)



### 28.12.2019 18:59:10
Array
(
    [auth] => 1
    [user] => admin
    [tel] => +14109573877
    [count] => 0
)



### 28.12.2019 18:59:12
Array
(
    [auth] => 1
    [user] => admin
    [tel] => +14109573877
    [count] => 0
    [orders] => Array
        (
            [0] => Array
                (
                    [id] => 8
                    [session_id] => kmcot1bbel6c282ssh7r5d5ks4drq55t
                    [login] => Dmitriy
                    [tel] => +7 (123) 465-66-56
                    [address] => oceancity, md
                )

            [1] => Array
                (
                    [id] => 10
                    [session_id] => 9gveo3lpgie2m1enlccmm3ifgvi4v52f
                    [login] => Racoon
                    [tel] => +7 (554) 545-45-45
                    [address] => salisbury, md
                )

            [2] => Array
                (
                    [id] => 11
                    [session_id] => rk8ov6s8sp27p88lv99ljgpar1d3r07c
                    [login] => mike
                    [tel] => +79991712017
                    [address] => pocomoke, md
                )

        )

)



### 28.12.2019 18:59:12
Array
(
    [auth] => 1
    [user] => admin
    [tel] => +14109573877
    [count] => 0
)



### 28.12.2019 19:02:13
Array
(
    [auth] => 1
    [user] => admin
    [tel] => +14109573877
    [count] => 0
    [orders] => Array
        (
            [0] => Array
                (
                    [id] => 8
                    [session_id] => kmcot1bbel6c282ssh7r5d5ks4drq55t
                    [login] => Dmitriy
                    [tel] => +7 (123) 465-66-56
                    [address] => oceancity, md
                )

            [1] => Array
                (
                    [id] => 10
                    [session_id] => 9gveo3lpgie2m1enlccmm3ifgvi4v52f
                    [login] => Racoon
                    [tel] => +7 (554) 545-45-45
                    [address] => salisbury, md
                )

            [2] => Array
                (
                    [id] => 11
                    [session_id] => rk8ov6s8sp27p88lv99ljgpar1d3r07c
                    [login] => mike
                    [tel] => +79991712017
                    [address] => pocomoke, md
                )

        )

)



### 28.12.2019 19:02:13
Array
(
    [auth] => 1
    [user] => admin
    [tel] => +14109573877
    [count] => 0
)



### 28.12.2019 19:04:14
Array
(
    [auth] => 1
    [user] => admin
    [tel] => +14109573877
    [count] => 0
    [orders] => Array
        (
            [0] => Array
                (
                    [id] => 8
                    [session_id] => kmcot1bbel6c282ssh7r5d5ks4drq55t
                    [login] => Dmitriy
                    [tel] => +7 (123) 465-66-56
                    [address] => oceancity, md
                )

            [1] => Array
                (
                    [id] => 10
                    [session_id] => 9gveo3lpgie2m1enlccmm3ifgvi4v52f
                    [login] => Racoon
                    [tel] => +7 (554) 545-45-45
                    [address] => salisbury, md
                )

            [2] => Array
                (
                    [id] => 11
                    [session_id] => rk8ov6s8sp27p88lv99ljgpar1d3r07c
                    [login] => mike
                    [tel] => +79991712017
                    [address] => pocomoke, md
                )

        )

)



### 28.12.2019 19:04:14
Array
(
    [auth] => 1
    [user] => admin
    [tel] => +14109573877
    [count] => 0
)



### 28.12.2019 19:07:22
Array
(
    [auth] => 1
    [user] => admin
    [tel] => +14109573877
    [count] => 0
    [orders] => Array
        (
            [0] => Array
                (
                    [id] => 8
                    [session_id] => kmcot1bbel6c282ssh7r5d5ks4drq55t
                    [login] => Dmitriy
                    [tel] => +7 (123) 465-66-56
                    [address] => oceancity, md
                )

            [1] => Array
                (
                    [id] => 10
                    [session_id] => 9gveo3lpgie2m1enlccmm3ifgvi4v52f
                    [login] => Racoon
                    [tel] => +7 (554) 545-45-45
                    [address] => salisbury, md
                )

            [2] => Array
                (
                    [id] => 11
                    [session_id] => rk8ov6s8sp27p88lv99ljgpar1d3r07c
                    [login] => mike
                    [tel] => +79991712017
                    [address] => pocomoke, md
                )

        )

)



### 28.12.2019 19:07:23
Array
(
    [auth] => 1
    [user] => admin
    [tel] => +14109573877
    [count] => 0
)



### 28.12.2019 19:07:28
Array
(
    [auth] => 1
    [user] => admin
    [tel] => +14109573877
    [count] => 0
    [goods] => Array
        (
            [0] => Array
                (
                    [id] => 1
                    [name] => Футболка
                    [image] => shirt1.jpg
                    [short_desc] => Мужская футболка
                    [description] => Мужская футболка с модным принтом
                    [price] => 100
                    [likes] => 3
                )

            [1] => Array
                (
                    [id] => 2
                    [name] => Блузка
                    [image] => shirt2.jpg
                    [short_desc] => Блузка женская
                    [description] => Элегантная блузка для женщин
                    [price] => 150
                    [likes] => 1
                )

            [2] => Array
                (
                    [id] => 3
                    [name] => Куртка
                    [image] => shirt3.jpg
                    [short_desc] => Куртка мужская
                    [description] => Стильная мужская куртка с дутым эффектом
                    [price] => 300
                    [likes] => 0
                )

            [3] => Array
                (
                    [id] => 4
                    [name] => Платье
                    [image] => shirt4.jpg
                    [short_desc] => Платье весеннее
                    [description] => Весеннее платье с нарядным принтом
                    [price] => 170
                    [likes] => 1
                )

            [4] => Array
                (
                    [id] => 7
                    [name] => Платье
                    [image] => shirt5.jpg
                    [short_desc] => Платье в полоску
                    [description] => Стильное и оригинальное платье в полоску
                    [price] => 190
                    [likes] => 0
                )

        )

)



### 28.12.2019 19:07:29
Array
(
    [auth] => 1
    [user] => admin
    [tel] => +14109573877
    [count] => 0
)



### 28.12.2019 19:08:03
Array
(
    [auth] => 1
    [user] => admin
    [tel] => +14109573877
    [count] => 3
    [goods] => Array
        (
            [0] => Array
                (
                    [id] => 1
                    [name] => Футболка
                    [image] => shirt1.jpg
                    [short_desc] => Мужская футболка
                    [description] => Мужская футболка с модным принтом
                    [price] => 100
                    [likes] => 3
                )

            [1] => Array
                (
                    [id] => 2
                    [name] => Блузка
                    [image] => shirt2.jpg
                    [short_desc] => Блузка женская
                    [description] => Элегантная блузка для женщин
                    [price] => 150
                    [likes] => 1
                )

            [2] => Array
                (
                    [id] => 3
                    [name] => Куртка
                    [image] => shirt3.jpg
                    [short_desc] => Куртка мужская
                    [description] => Стильная мужская куртка с дутым эффектом
                    [price] => 300
                    [likes] => 0
                )

            [3] => Array
                (
                    [id] => 4
                    [name] => Платье
                    [image] => shirt4.jpg
                    [short_desc] => Платье весеннее
                    [description] => Весеннее платье с нарядным принтом
                    [price] => 170
                    [likes] => 1
                )

            [4] => Array
                (
                    [id] => 7
                    [name] => Платье
                    [image] => shirt5.jpg
                    [short_desc] => Платье в полоску
                    [description] => Стильное и оригинальное платье в полоску
                    [price] => 190
                    [likes] => 0
                )

        )

)



### 28.12.2019 19:08:04
Array
(
    [auth] => 1
    [user] => admin
    [tel] => +14109573877
    [count] => 3
)



### 28.12.2019 19:08:07
Array
(
    [auth] => 1
    [user] => admin
    [tel] => +14109573877
    [count] => 3
    [basket] => Array
        (
            [0] => Array
                (
                    [basket_id] => 166
                    [goods_id] => 2
                    [name] => Блузка
                    [price] => 150
                    [image] => shirt2.jpg
                )

            [1] => Array
                (
                    [basket_id] => 167
                    [goods_id] => 2
                    [name] => Блузка
                    [price] => 150
                    [image] => shirt2.jpg
                )

            [2] => Array
                (
                    [basket_id] => 168
                    [goods_id] => 4
                    [name] => Платье
                    [price] => 170
                    [image] => shirt4.jpg
                )

        )

    [summ] => 470
)



### 28.12.2019 19:08:07
Array
(
    [auth] => 1
    [user] => admin
    [tel] => +14109573877
    [count] => 3
)



### 28.12.2019 19:08:17
Array
(
    [auth] => 1
    [user] => admin
    [tel] => +14109573877
    [count] => 2
    [orders] => Array
        (
            [0] => Array
                (
                    [id] => 8
                    [session_id] => kmcot1bbel6c282ssh7r5d5ks4drq55t
                    [login] => Dmitriy
                    [tel] => +7 (123) 465-66-56
                    [address] => oceancity, md
                )

            [1] => Array
                (
                    [id] => 10
                    [session_id] => 9gveo3lpgie2m1enlccmm3ifgvi4v52f
                    [login] => Racoon
                    [tel] => +7 (554) 545-45-45
                    [address] => salisbury, md
                )

            [2] => Array
                (
                    [id] => 11
                    [session_id] => rk8ov6s8sp27p88lv99ljgpar1d3r07c
                    [login] => mike
                    [tel] => +79991712017
                    [address] => pocomoke, md
                )

        )

)



### 28.12.2019 19:08:17
Array
(
    [auth] => 1
    [user] => admin
    [tel] => +14109573877
    [count] => 2
)



### 28.12.2019 19:08:19
Array
(
    [auth] => 1
    [user] => admin
    [tel] => +14109573877
    [count] => 2
    [order] => Array
        (
            [0] => Array
                (
                    [id] => 1
                    [goods_id] => 1
                    [session_id] => kmcot1bbel6c282ssh7r5d5ks4drq55t
                    [login] => Dmitriy
                    [tel] => +7 (123) 465-66-56
                    [address] => oceancity, md
                    [name] => Футболка
                    [image] => shirt1.jpg
                    [short_desc] => Мужская футболка
                    [description] => Мужская футболка с модным принтом
                    [price] => 100
                    [likes] => 3
                )

            [1] => Array
                (
                    [id] => 3
                    [goods_id] => 3
                    [session_id] => kmcot1bbel6c282ssh7r5d5ks4drq55t
                    [login] => Dmitriy
                    [tel] => +7 (123) 465-66-56
                    [address] => oceancity, md
                    [name] => Куртка
                    [image] => shirt3.jpg
                    [short_desc] => Куртка мужская
                    [description] => Стильная мужская куртка с дутым эффектом
                    [price] => 300
                    [likes] => 0
                )

            [2] => Array
                (
                    [id] => 4
                    [goods_id] => 4
                    [session_id] => kmcot1bbel6c282ssh7r5d5ks4drq55t
                    [login] => Dmitriy
                    [tel] => +7 (123) 465-66-56
                    [address] => oceancity, md
                    [name] => Платье
                    [image] => shirt4.jpg
                    [short_desc] => Платье весеннее
                    [description] => Весеннее платье с нарядным принтом
                    [price] => 170
                    [likes] => 1
                )

        )

    [summ] => 570
)



### 28.12.2019 19:08:20
Array
(
    [auth] => 1
    [user] => admin
    [tel] => +14109573877
    [count] => 2
)



### 28.12.2019 19:08:26
Array
(
    [auth] => 1
    [user] => admin
    [tel] => +14109573877
    [count] => 2
    [orders] => Array
        (
            [0] => Array
                (
                    [id] => 8
                    [session_id] => kmcot1bbel6c282ssh7r5d5ks4drq55t
                    [login] => Dmitriy
                    [tel] => +7 (123) 465-66-56
                    [address] => oceancity, md
                )

            [1] => Array
                (
                    [id] => 10
                    [session_id] => 9gveo3lpgie2m1enlccmm3ifgvi4v52f
                    [login] => Racoon
                    [tel] => +7 (554) 545-45-45
                    [address] => salisbury, md
                )

            [2] => Array
                (
                    [id] => 11
                    [session_id] => rk8ov6s8sp27p88lv99ljgpar1d3r07c
                    [login] => mike
                    [tel] => +79991712017
                    [address] => pocomoke, md
                )

        )

)



### 28.12.2019 19:08:26
Array
(
    [auth] => 1
    [user] => admin
    [tel] => +14109573877
    [count] => 2
)



### 28.12.2019 19:08:31
Array
(
    [auth] => 1
    [user] => admin
    [tel] => +14109573877
    [count] => 2
)



### 28.12.2019 19:08:31
Array
(
    [auth] => 1
    [user] => admin
    [tel] => +14109573877
    [count] => 2
)



### 28.12.2019 19:08:32
Array
(
    [auth] => 1
    [user] => admin
    [tel] => +14109573877
    [count] => 2
    [news] => Array
        (
            [0] => Array
                (
                    [id] => 1
                    [category] => 1
                    [prev] => Китай выразил протест США из-за выдворения дипломатов
                    [text] => ПЕКИН, 16 дек — РИА Новости. Пекин выразил протест и сделал представление Вашингтону после выдворения китайских дипломатов, заявил официальный представитель МИД КНР Гэн Шуан.
Ранее газета The New York Times со ссылкой на источники написала, что США тайно выслали двух дипломатов, которые в конце сентября этого года пытались попасть на военную базу близ Норфолка в штате Виргиния. Издание отметило, что последнее выдворение было более 30 лет назад, в 1987 году.
                )

            [1] => Array
                (
                    [id] => 2
                    [category] => 2
                    [prev] => Воздушная дуэль истребителей МиГ-32БМ попала на видео
                    [text] => МОСКВА, 16 дек – РИА Новости. Телеканал "Звезда" опубликовал видео воздушной учебной дуэли двух МиГ-31БМ.
Истребители выполнили "бочку" и другие фигуры сложного пилотажа, а также отработали различные маневры для быстрой смены положения и ведения огня.
Отмечается, что большая часть дуэли проходила на предельных скоростях самолета, что позволило летчикам усовершенствовать навыки по выдерживанию длительных перегрузок.
                )

            [2] => Array
                (
                    [id] => 3
                    [category] => 2
                    [prev] => Opel возобновил продажи в России
                    [text] => МОСКВА, 16 дек — РИА Новости. Opel возвращается в Россию, в салоны официальных дилеров поступили первые модели Zafira Life и Grandland X.
Продажи стартовали в Москве, Санкт-Петербурге, Нижнем Новгороде, Ростове-на-Дону, Рязани и Ставрополе.
                )

            [3] => Array
                (
                    [id] => 4
                    [category] => 2
                    [prev] => На Сахалине ответили на заявления о передаче Курил Японии
                    [text] => ЮЖНО-САХАЛИНСК, 16 дек — РИА Новости. Депутат Сахалинской областной думы Максим Козлов сказал РИА Новости, что считает недопустимой риторикой призыв объявить Курильский архипелаг территорией Японии.
Ранее сообщалось, что глава оппозиционной Коммунистической партии Японии Кадзуо Сии в интервью газете "Ёмиури" заявил, что Токио на переговорах с Москвой должен потребовать весь Курильский архипелаг, поскольку это "исконно японская территория".
                )

        )

)



### 28.12.2019 19:08:33
Array
(
    [auth] => 1
    [user] => admin
    [tel] => +14109573877
    [count] => 2
)



### 28.12.2019 19:08:34
Array
(
    [auth] => 1
    [user] => admin
    [tel] => +14109573877
    [count] => 2
    [prev] => Китай выразил протест США из-за выдворения дипломатов
    [text] => ПЕКИН, 16 дек — РИА Новости. Пекин выразил протест и сделал представление Вашингтону после выдворения китайских дипломатов, заявил официальный представитель МИД КНР Гэн Шуан.
Ранее газета The New York Times со ссылкой на источники написала, что США тайно выслали двух дипломатов, которые в конце сентября этого года пытались попасть на военную базу близ Норфолка в штате Виргиния. Издание отметило, что последнее выдворение было более 30 лет назад, в 1987 году.
)



### 28.12.2019 19:08:34
Array
(
    [auth] => 1
    [user] => admin
    [tel] => +14109573877
    [count] => 2
)



### 28.12.2019 19:08:35
Array
(
    [auth] => 1
    [user] => admin
    [tel] => +14109573877
    [count] => 2
    [news] => Array
        (
            [0] => Array
                (
                    [id] => 1
                    [category] => 1
                    [prev] => Китай выразил протест США из-за выдворения дипломатов
                    [text] => ПЕКИН, 16 дек — РИА Новости. Пекин выразил протест и сделал представление Вашингтону после выдворения китайских дипломатов, заявил официальный представитель МИД КНР Гэн Шуан.
Ранее газета The New York Times со ссылкой на источники написала, что США тайно выслали двух дипломатов, которые в конце сентября этого года пытались попасть на военную базу близ Норфолка в штате Виргиния. Издание отметило, что последнее выдворение было более 30 лет назад, в 1987 году.
                )

            [1] => Array
                (
                    [id] => 2
                    [category] => 2
                    [prev] => Воздушная дуэль истребителей МиГ-32БМ попала на видео
                    [text] => МОСКВА, 16 дек – РИА Новости. Телеканал "Звезда" опубликовал видео воздушной учебной дуэли двух МиГ-31БМ.
Истребители выполнили "бочку" и другие фигуры сложного пилотажа, а также отработали различные маневры для быстрой смены положения и ведения огня.
Отмечается, что большая часть дуэли проходила на предельных скоростях самолета, что позволило летчикам усовершенствовать навыки по выдерживанию длительных перегрузок.
                )

            [2] => Array
                (
                    [id] => 3
                    [category] => 2
                    [prev] => Opel возобновил продажи в России
                    [text] => МОСКВА, 16 дек — РИА Новости. Opel возвращается в Россию, в салоны официальных дилеров поступили первые модели Zafira Life и Grandland X.
Продажи стартовали в Москве, Санкт-Петербурге, Нижнем Новгороде, Ростове-на-Дону, Рязани и Ставрополе.
                )

            [3] => Array
                (
                    [id] => 4
                    [category] => 2
                    [prev] => На Сахалине ответили на заявления о передаче Курил Японии
                    [text] => ЮЖНО-САХАЛИНСК, 16 дек — РИА Новости. Депутат Сахалинской областной думы Максим Козлов сказал РИА Новости, что считает недопустимой риторикой призыв объявить Курильский архипелаг территорией Японии.
Ранее сообщалось, что глава оппозиционной Коммунистической партии Японии Кадзуо Сии в интервью газете "Ёмиури" заявил, что Токио на переговорах с Москвой должен потребовать весь Курильский архипелаг, поскольку это "исконно японская территория".
                )

        )

)



### 28.12.2019 19:08:36
Array
(
    [auth] => 1
    [user] => admin
    [tel] => +14109573877
    [count] => 2
)



### 28.12.2019 19:08:38
Array
(
    [auth] => 1
    [user] => admin
    [tel] => +14109573877
    [count] => 2
    [goods] => Array
        (
            [0] => Array
                (
                    [id] => 1
                    [name] => Футболка
                    [image] => shirt1.jpg
                    [short_desc] => Мужская футболка
                    [description] => Мужская футболка с модным принтом
                    [price] => 100
                    [likes] => 3
                )

            [1] => Array
                (
                    [id] => 2
                    [name] => Блузка
                    [image] => shirt2.jpg
                    [short_desc] => Блузка женская
                    [description] => Элегантная блузка для женщин
                    [price] => 150
                    [likes] => 1
                )

            [2] => Array
                (
                    [id] => 3
                    [name] => Куртка
                    [image] => shirt3.jpg
                    [short_desc] => Куртка мужская
                    [description] => Стильная мужская куртка с дутым эффектом
                    [price] => 300
                    [likes] => 0
                )

            [3] => Array
                (
                    [id] => 4
                    [name] => Платье
                    [image] => shirt4.jpg
                    [short_desc] => Платье весеннее
                    [description] => Весеннее платье с нарядным принтом
                    [price] => 170
                    [likes] => 1
                )

            [4] => Array
                (
                    [id] => 7
                    [name] => Платье
                    [image] => shirt5.jpg
                    [short_desc] => Платье в полоску
                    [description] => Стильное и оригинальное платье в полоску
                    [price] => 190
                    [likes] => 0
                )

        )

)



### 28.12.2019 19:08:39
Array
(
    [auth] => 1
    [user] => admin
    [tel] => +14109573877
    [count] => 2
)



### 28.12.2019 19:08:51
Array
(
    [auth] => 1
    [user] => admin
    [tel] => +14109573877
    [count] => 2
    [error] =>
    [action] => add
    [buttonText] => Добавить
    [name] =>
    [feedtext] =>
    [feedback] => Array
        (
            [0] => Array
                (
                    [id] => 19
                    [name] => Forrest Gump
                    [feedback] => Life doesn't always turn out the way you planned
                )

            [1] => Array
                (
                    [id] => 18
                    [name] => Петюня
                    [feedback] => Привет от Петрушки
                )

            [2] => Array
                (
                    [id] => 17
                    [name] => Luke Skywalker
                    [feedback] => New DeathStar is born
                )

            [3] => Array
                (
                    [id] => 16
                    [name] => Han Solo
                    [feedback] => Hang in there Kid!
                )

            [4] => Array
                (
                    [id] => 8
                    [name] => Admin
                    [feedback] => rm -rf
                )

            [5] => Array
                (
                    [id] => 5
                    [name] => Yoda
                    [feedback] => Try not, do or do not. There is no try
                )

            [6] => Array
                (
                    [id] => 4
                    [name] => Darth Vader
                    [feedback] => Luke, I am your father
                )

            [7] => Array
                (
                    [id] => 1
                    [name] => Вася
                    [feedback] => Привет от Васи
                )

        )

)



### 28.12.2019 19:08:51
Array
(
    [auth] => 1
    [user] => admin
    [tel] => +14109573877
    [count] => 2
)



### 28.12.2019 19:08:56
Array
(
    [auth] => 1
    [user] => admin
    [tel] => +14109573877
    [count] => 2
    [basket] => Array
        (
            [0] => Array
                (
                    [basket_id] => 166
                    [goods_id] => 2
                    [name] => Блузка
                    [price] => 150
                    [image] => shirt2.jpg
                )

            [1] => Array
                (
                    [basket_id] => 168
                    [goods_id] => 4
                    [name] => Платье
                    [price] => 170
                    [image] => shirt4.jpg
                )

        )

    [summ] => 320
)



### 28.12.2019 19:08:57
Array
(
    [auth] => 1
    [user] => admin
    [tel] => +14109573877
    [count] => 2
)



### 28.12.2019 19:08:58
Array
(
    [auth] => 1
    [user] => admin
    [tel] => +14109573877
    [count] => 2
    [orders] => Array
        (
            [0] => Array
                (
                    [id] => 8
                    [session_id] => kmcot1bbel6c282ssh7r5d5ks4drq55t
                    [login] => Dmitriy
                    [tel] => +7 (123) 465-66-56
                    [address] => oceancity, md
                )

            [1] => Array
                (
                    [id] => 10
                    [session_id] => 9gveo3lpgie2m1enlccmm3ifgvi4v52f
                    [login] => Racoon
                    [tel] => +7 (554) 545-45-45
                    [address] => salisbury, md
                )

            [2] => Array
                (
                    [id] => 11
                    [session_id] => rk8ov6s8sp27p88lv99ljgpar1d3r07c
                    [login] => mike
                    [tel] => +79991712017
                    [address] => pocomoke, md
                )

        )

)



### 28.12.2019 19:08:58
Array
(
    [auth] => 1
    [user] => admin
    [tel] => +14109573877
    [count] => 2
)



### 28.12.2019 19:08:59
Array
(
    [auth] => 1
    [user] => admin
    [tel] => +14109573877
    [count] => 2
    [basket] => Array
        (
            [0] => Array
                (
                    [basket_id] => 166
                    [goods_id] => 2
                    [name] => Блузка
                    [price] => 150
                    [image] => shirt2.jpg
                )

            [1] => Array
                (
                    [basket_id] => 168
                    [goods_id] => 4
                    [name] => Платье
                    [price] => 170
                    [image] => shirt4.jpg
                )

        )

    [summ] => 320
)



### 28.12.2019 19:09:00
Array
(
    [auth] => 1
    [user] => admin
    [tel] => +14109573877
    [count] => 2
)



### 28.12.2019 19:09:00
Array
(
    [auth] => 1
    [user] => admin
    [tel] => +14109573877
    [count] => 2
    [error] =>
    [action] => add
    [buttonText] => Добавить
    [name] =>
    [feedtext] =>
    [feedback] => Array
        (
            [0] => Array
                (
                    [id] => 19
                    [name] => Forrest Gump
                    [feedback] => Life doesn't always turn out the way you planned
                )

            [1] => Array
                (
                    [id] => 18
                    [name] => Петюня
                    [feedback] => Привет от Петрушки
                )

            [2] => Array
                (
                    [id] => 17
                    [name] => Luke Skywalker
                    [feedback] => New DeathStar is born
                )

            [3] => Array
                (
                    [id] => 16
                    [name] => Han Solo
                    [feedback] => Hang in there Kid!
                )

            [4] => Array
                (
                    [id] => 8
                    [name] => Admin
                    [feedback] => rm -rf
                )

            [5] => Array
                (
                    [id] => 5
                    [name] => Yoda
                    [feedback] => Try not, do or do not. There is no try
                )

            [6] => Array
                (
                    [id] => 4
                    [name] => Darth Vader
                    [feedback] => Luke, I am your father
                )

            [7] => Array
                (
                    [id] => 1
                    [name] => Вася
                    [feedback] => Привет от Васи
                )

        )

)



### 28.12.2019 19:09:00
Array
(
    [auth] => 1
    [user] => admin
    [tel] => +14109573877
    [count] => 2
)



### 28.12.2019 19:09:04
Array
(
    [auth] => 1
    [user] => admin
    [tel] => +14109573877
    [count] => 2
    [orders] => Array
        (
            [0] => Array
                (
                    [id] => 8
                    [session_id] => kmcot1bbel6c282ssh7r5d5ks4drq55t
                    [login] => Dmitriy
                    [tel] => +7 (123) 465-66-56
                    [address] => oceancity, md
                )

            [1] => Array
                (
                    [id] => 10
                    [session_id] => 9gveo3lpgie2m1enlccmm3ifgvi4v52f
                    [login] => Racoon
                    [tel] => +7 (554) 545-45-45
                    [address] => salisbury, md
                )

            [2] => Array
                (
                    [id] => 11
                    [session_id] => rk8ov6s8sp27p88lv99ljgpar1d3r07c
                    [login] => mike
                    [tel] => +79991712017
                    [address] => pocomoke, md
                )

        )

)



### 28.12.2019 19:09:05
Array
(
    [auth] => 1
    [user] => admin
    [tel] => +14109573877
    [count] => 2
)



### 28.12.2019 19:10:31
Array
(
    [auth] => 1
    [user] => admin
    [tel] => +14109573877
    [count] => 2
    [basket] => Array
        (
            [0] => Array
                (
                    [basket_id] => 166
                    [goods_id] => 2
                    [name] => Блузка
                    [price] => 150
                    [image] => shirt2.jpg
                )

            [1] => Array
                (
                    [basket_id] => 168
                    [goods_id] => 4
                    [name] => Платье
                    [price] => 170
                    [image] => shirt4.jpg
                )

        )

    [summ] => 320
)



### 28.12.2019 19:10:31
Array
(
    [auth] => 1
    [user] => admin
    [tel] => +14109573877
    [count] => 2
)



### 28.12.2019 19:10:33
Array
(
    [auth] => 1
    [user] => admin
    [tel] => +14109573877
    [count] => 2
    [orders] => Array
        (
            [0] => Array
                (
                    [id] => 8
                    [session_id] => kmcot1bbel6c282ssh7r5d5ks4drq55t
                    [login] => Dmitriy
                    [tel] => +7 (123) 465-66-56
                    [address] => oceancity, md
                )

            [1] => Array
                (
                    [id] => 10
                    [session_id] => 9gveo3lpgie2m1enlccmm3ifgvi4v52f
                    [login] => Racoon
                    [tel] => +7 (554) 545-45-45
                    [address] => salisbury, md
                )

            [2] => Array
                (
                    [id] => 11
                    [session_id] => rk8ov6s8sp27p88lv99ljgpar1d3r07c
                    [login] => mike
                    [tel] => +7 (999)1712017
                    [address] => pocomoke, md
                )

        )

)



### 28.12.2019 19:10:33
Array
(
    [auth] => 1
    [user] => admin
    [tel] => +14109573877
    [count] => 2
)



### 28.12.2019 19:11:03
Array
(
    [auth] => 1
    [user] => admin
    [tel] => +14109573877
    [count] => 2
    [orders] => Array
        (
            [0] => Array
                (
                    [id] => 8
                    [session_id] => kmcot1bbel6c282ssh7r5d5ks4drq55t
                    [login] => Dmitriy
                    [tel] => +7 (123) 465-66-56
                    [address] => oceancity, md
                )

            [1] => Array
                (
                    [id] => 10
                    [session_id] => 9gveo3lpgie2m1enlccmm3ifgvi4v52f
                    [login] => Racoon
                    [tel] => +7 (554) 545-45-45
                    [address] => salisbury, md
                )

            [2] => Array
                (
                    [id] => 11
                    [session_id] => rk8ov6s8sp27p88lv99ljgpar1d3r07c
                    [login] => mike
                    [tel] => +7 (999) 171-20-17
                    [address] => pocomoke, md
                )

        )

)



### 28.12.2019 19:11:04
Array
(
    [auth] => 1
    [user] => admin
    [tel] => +14109573877
    [count] => 2
)



### 28.12.2019 19:11:27
Array
(
    [auth] => 1
    [user] => admin
    [tel] => +14109573877
    [count] => 2
    [orders] => Array
        (
            [0] => Array
                (
                    [id] => 8
                    [session_id] => kmcot1bbel6c282ssh7r5d5ks4drq55t
                    [login] => Dmitriy
                    [tel] => +7 (123) 465-66-56
                    [address] => oceancity, md
                )

            [1] => Array
                (
                    [id] => 10
                    [session_id] => 9gveo3lpgie2m1enlccmm3ifgvi4v52f
                    [login] => Racoon
                    [tel] => +7 (554) 545-45-45
                    [address] => salisbury, md
                )

            [2] => Array
                (
                    [id] => 11
                    [session_id] => rk8ov6s8sp27p88lv99ljgpar1d3r07c
                    [login] => mike
                    [tel] => +7 (999) 171-20-17
                    [address] => pocomoke, md
                )

        )

)



### 28.12.2019 19:11:27
Array
(
    [auth] => 1
    [user] => admin
    [tel] => +14109573877
    [count] => 2
)



### 28.12.2019 19:11:27
Array
(
    [auth] => 1
    [user] => admin
    [tel] => +14109573877
    [count] => 2
    [basket] => Array
        (
            [0] => Array
                (
                    [basket_id] => 166
                    [goods_id] => 2
                    [name] => Блузка
                    [price] => 150
                    [image] => shirt2.jpg
                )

            [1] => Array
                (
                    [basket_id] => 168
                    [goods_id] => 4
                    [name] => Платье
                    [price] => 170
                    [image] => shirt4.jpg
                )

        )

    [summ] => 320
)



### 28.12.2019 19:11:28
Array
(
    [auth] => 1
    [user] => admin
    [tel] => +14109573877
    [count] => 2
)



### 28.12.2019 19:13:51
Array
(
    [auth] => 1
    [user] => admin
    [tel] => +14109573877
    [count] => 2
    [orders] => Array
        (
            [0] => Array
                (
                    [id] => 8
                    [session_id] => kmcot1bbel6c282ssh7r5d5ks4drq55t
                    [login] => Dmitriy
                    [tel] => +7 (123) 465-66-56
                    [address] => oceancity, md
                )

            [1] => Array
                (
                    [id] => 10
                    [session_id] => 9gveo3lpgie2m1enlccmm3ifgvi4v52f
                    [login] => Racoon
                    [tel] => +7 (554) 545-45-45
                    [address] => salisbury, md
                )

            [2] => Array
                (
                    [id] => 11
                    [session_id] => rk8ov6s8sp27p88lv99ljgpar1d3r07c
                    [login] => mike
                    [tel] => +7 (999) 171-20-17
                    [address] => pocomoke, md
                )

        )

)



### 28.12.2019 19:13:52
Array
(
    [auth] => 1
    [user] => admin
    [tel] => +14109573877
    [count] => 2
)



### 28.12.2019 19:14:23
Array
(
    [auth] => 1
    [user] => admin
    [tel] => +14109573877
    [count] => 2
    [orders] => Array
        (
            [0] => Array
                (
                    [id] => 8
                    [session_id] => kmcot1bbel6c282ssh7r5d5ks4drq55t
                    [login] => Dmitriy
                    [tel] => +7 (123) 465-66-56
                    [address] => oceancity, md
                )

            [1] => Array
                (
                    [id] => 10
                    [session_id] => 9gveo3lpgie2m1enlccmm3ifgvi4v52f
                    [login] => Racoon
                    [tel] => +7 (554) 545-45-45
                    [address] => salisbury, md
                )

            [2] => Array
                (
                    [id] => 11
                    [session_id] => rk8ov6s8sp27p88lv99ljgpar1d3r07c
                    [login] => mike
                    [tel] => +7 (999) 171-20-17
                    [address] => pocomoke, md
                )

        )

)



### 28.12.2019 19:14:23
Array
(
    [auth] => 1
    [user] => admin
    [tel] => +14109573877
    [count] => 2
)



### 28.12.2019 19:14:32
Array
(
    [auth] => 1
    [user] => admin
    [tel] => +14109573877
    [count] => 2
    [orders] => Array
        (
            [0] => Array
                (
                    [id] => 8
                    [session_id] => kmcot1bbel6c282ssh7r5d5ks4drq55t
                    [login] => Dmitriy
                    [tel] => +7 (123) 465-66-56
                    [address] => oceancity, md
                )

            [1] => Array
                (
                    [id] => 10
                    [session_id] => 9gveo3lpgie2m1enlccmm3ifgvi4v52f
                    [login] => Racoon
                    [tel] => +7 (554) 545-45-45
                    [address] => salisbury, md
                )

            [2] => Array
                (
                    [id] => 11
                    [session_id] => rk8ov6s8sp27p88lv99ljgpar1d3r07c
                    [login] => mike
                    [tel] => +7 (999) 171-20-17
                    [address] => pocomoke, md
                )

        )

)



### 28.12.2019 19:14:33
Array
(
    [auth] => 1
    [user] => admin
    [tel] => +14109573877
    [count] => 2
)



### 28.12.2019 19:14:34
Array
(
    [auth] => 1
    [user] => admin
    [tel] => +14109573877
    [count] => 2
    [orders] => Array
        (
            [0] => Array
                (
                    [id] => 8
                    [session_id] => kmcot1bbel6c282ssh7r5d5ks4drq55t
                    [login] => Dmitriy
                    [tel] => +7 (123) 465-66-56
                    [address] => oceancity, md
                )

            [1] => Array
                (
                    [id] => 10
                    [session_id] => 9gveo3lpgie2m1enlccmm3ifgvi4v52f
                    [login] => Racoon
                    [tel] => +7 (554) 545-45-45
                    [address] => salisbury, md
                )

            [2] => Array
                (
                    [id] => 11
                    [session_id] => rk8ov6s8sp27p88lv99ljgpar1d3r07c
                    [login] => mike
                    [tel] => +7 (999) 171-20-17
                    [address] => pocomoke, md
                )

        )

)



### 28.12.2019 19:14:34
Array
(
    [auth] => 1
    [user] => admin
    [tel] => +14109573877
    [count] => 2
)



### 28.12.2019 19:15:40
Array
(
    [auth] => 1
    [user] => admin
    [tel] => +14109573877
    [count] => 2
    [orders] => Array
        (
            [0] => Array
                (
                    [id] => 8
                    [session_id] => kmcot1bbel6c282ssh7r5d5ks4drq55t
                    [login] => Dmitriy
                    [tel] => +7 (123) 465-66-56
                    [address] => oceancity, md
                )

            [1] => Array
                (
                    [id] => 10
                    [session_id] => 9gveo3lpgie2m1enlccmm3ifgvi4v52f
                    [login] => Racoon
                    [tel] => +7 (554) 545-45-45
                    [address] => salisbury, md
                )

            [2] => Array
                (
                    [id] => 11
                    [session_id] => rk8ov6s8sp27p88lv99ljgpar1d3r07c
                    [login] => mike
                    [tel] => +7 (999) 171-20-17
                    [address] => pocomoke, md
                )

        )

)



### 28.12.2019 19:15:41
Array
(
    [auth] => 1
    [user] => admin
    [tel] => +14109573877
    [count] => 2
)



### 28.12.2019 19:15:50
Array
(
    [auth] => 1
    [user] => admin
    [tel] => +14109573877
    [count] => 2
    [orders] => Array
        (
            [0] => Array
                (
                    [id] => 8
                    [session_id] => kmcot1bbel6c282ssh7r5d5ks4drq55t
                    [login] => Dmitriy
                    [tel] => +7 (123) 465-66-56
                    [address] => oceancity, md
                )

            [1] => Array
                (
                    [id] => 10
                    [session_id] => 9gveo3lpgie2m1enlccmm3ifgvi4v52f
                    [login] => Racoon
                    [tel] => +7 (554) 545-45-45
                    [address] => salisbury, md
                )

            [2] => Array
                (
                    [id] => 11
                    [session_id] => rk8ov6s8sp27p88lv99ljgpar1d3r07c
                    [login] => mike
                    [tel] => +7 (999) 171-20-17
                    [address] => pocomoke, md
                )

        )

)



### 28.12.2019 19:15:50
Array
(
    [auth] => 1
    [user] => admin
    [tel] => +14109573877
    [count] => 2
)



### 28.12.2019 19:16:15
Array
(
    [auth] => 1
    [user] => admin
    [tel] => +14109573877
    [count] => 2
    [orders] => Array
        (
            [0] => Array
                (
                    [id] => 8
                    [session_id] => kmcot1bbel6c282ssh7r5d5ks4drq55t
                    [login] => Dmitriy
                    [tel] => +7 (123) 465-66-56
                    [address] => oceancity, md
                )

            [1] => Array
                (
                    [id] => 10
                    [session_id] => 9gveo3lpgie2m1enlccmm3ifgvi4v52f
                    [login] => Racoon
                    [tel] => +7 (554) 545-45-45
                    [address] => salisbury, md
                )

            [2] => Array
                (
                    [id] => 11
                    [session_id] => rk8ov6s8sp27p88lv99ljgpar1d3r07c
                    [login] => mike
                    [tel] => +7 (999) 171-20-17
                    [address] => pocomoke, md
                )

        )

)



### 28.12.2019 19:16:15
Array
(
    [auth] => 1
    [user] => admin
    [tel] => +14109573877
    [count] => 2
)



### 28.12.2019 19:16:29
Array
(
    [auth] => 1
    [user] => admin
    [tel] => +14109573877
    [count] => 2
    [orders] => Array
        (
            [0] => Array
                (
                    [id] => 8
                    [session_id] => kmcot1bbel6c282ssh7r5d5ks4drq55t
                    [login] => Dmitriy
                    [tel] => +7 (123) 465-66-56
                    [address] => oceancity, md
                )

            [1] => Array
                (
                    [id] => 10
                    [session_id] => 9gveo3lpgie2m1enlccmm3ifgvi4v52f
                    [login] => Racoon
                    [tel] => +7 (554) 545-45-45
                    [address] => salisbury, md
                )

            [2] => Array
                (
                    [id] => 11
                    [session_id] => rk8ov6s8sp27p88lv99ljgpar1d3r07c
                    [login] => mike
                    [tel] => +7 (999) 171-20-17
                    [address] => pocomoke, md
                )

        )

)



### 28.12.2019 19:16:30
Array
(
    [auth] => 1
    [user] => admin
    [tel] => +14109573877
    [count] => 2
)



### 28.12.2019 19:16:41
Array
(
    [auth] => 1
    [user] => admin
    [tel] => +14109573877
    [count] => 2
    [order] => Array
        (
            [0] => Array
                (
                    [id] => 1
                    [goods_id] => 1
                    [session_id] => kmcot1bbel6c282ssh7r5d5ks4drq55t
                    [login] => Dmitriy
                    [tel] => +7 (123) 465-66-56
                    [address] => oceancity, md
                    [name] => Футболка
                    [image] => shirt1.jpg
                    [short_desc] => Мужская футболка
                    [description] => Мужская футболка с модным принтом
                    [price] => 100
                    [likes] => 3
                )

            [1] => Array
                (
                    [id] => 3
                    [goods_id] => 3
                    [session_id] => kmcot1bbel6c282ssh7r5d5ks4drq55t
                    [login] => Dmitriy
                    [tel] => +7 (123) 465-66-56
                    [address] => oceancity, md
                    [name] => Куртка
                    [image] => shirt3.jpg
                    [short_desc] => Куртка мужская
                    [description] => Стильная мужская куртка с дутым эффектом
                    [price] => 300
                    [likes] => 0
                )

            [2] => Array
                (
                    [id] => 4
                    [goods_id] => 4
                    [session_id] => kmcot1bbel6c282ssh7r5d5ks4drq55t
                    [login] => Dmitriy
                    [tel] => +7 (123) 465-66-56
                    [address] => oceancity, md
                    [name] => Платье
                    [image] => shirt4.jpg
                    [short_desc] => Платье весеннее
                    [description] => Весеннее платье с нарядным принтом
                    [price] => 170
                    [likes] => 1
                )

        )

    [summ] => 570
)



### 28.12.2019 19:16:42
Array
(
    [auth] => 1
    [user] => admin
    [tel] => +14109573877
    [count] => 2
)



### 28.12.2019 19:16:53
Array
(
    [auth] => 1
    [user] => admin
    [tel] => +14109573877
    [count] => 2
    [orders] => Array
        (
            [0] => Array
                (
                    [id] => 8
                    [session_id] => kmcot1bbel6c282ssh7r5d5ks4drq55t
                    [login] => Dmitriy
                    [tel] => +7 (123) 465-66-56
                    [address] => oceancity, md
                )

            [1] => Array
                (
                    [id] => 10
                    [session_id] => 9gveo3lpgie2m1enlccmm3ifgvi4v52f
                    [login] => Racoon
                    [tel] => +7 (554) 545-45-45
                    [address] => salisbury, md
                )

            [2] => Array
                (
                    [id] => 11
                    [session_id] => rk8ov6s8sp27p88lv99ljgpar1d3r07c
                    [login] => mike
                    [tel] => +7 (999) 171-20-17
                    [address] => pocomoke, md
                )

        )

)



### 28.12.2019 19:16:54
Array
(
    [auth] => 1
    [user] => admin
    [tel] => +14109573877
    [count] => 2
)



### 28.12.2019 19:16:56
Array
(
    [auth] => 1
    [user] => admin
    [tel] => +14109573877
    [count] => 2
    [basket] => Array
        (
            [0] => Array
                (
                    [basket_id] => 166
                    [goods_id] => 2
                    [name] => Блузка
                    [price] => 150
                    [image] => shirt2.jpg
                )

            [1] => Array
                (
                    [basket_id] => 168
                    [goods_id] => 4
                    [name] => Платье
                    [price] => 170
                    [image] => shirt4.jpg
                )

        )

    [summ] => 320
)



### 28.12.2019 19:16:57
Array
(
    [auth] => 1
    [user] => admin
    [tel] => +14109573877
    [count] => 2
)



### 28.12.2019 19:16:59
Array
(
    [auth] => 1
    [user] => admin
    [tel] => +14109573877
    [count] => 2
    [error] =>
    [action] => add
    [buttonText] => Добавить
    [name] =>
    [feedtext] =>
    [feedback] => Array
        (
            [0] => Array
                (
                    [id] => 19
                    [name] => Forrest Gump
                    [feedback] => Life doesn't always turn out the way you planned
                )

            [1] => Array
                (
                    [id] => 18
                    [name] => Петюня
                    [feedback] => Привет от Петрушки
                )

            [2] => Array
                (
                    [id] => 17
                    [name] => Luke Skywalker
                    [feedback] => New DeathStar is born
                )

            [3] => Array
                (
                    [id] => 16
                    [name] => Han Solo
                    [feedback] => Hang in there Kid!
                )

            [4] => Array
                (
                    [id] => 8
                    [name] => Admin
                    [feedback] => rm -rf
                )

            [5] => Array
                (
                    [id] => 5
                    [name] => Yoda
                    [feedback] => Try not, do or do not. There is no try
                )

            [6] => Array
                (
                    [id] => 4
                    [name] => Darth Vader
                    [feedback] => Luke, I am your father
                )

            [7] => Array
                (
                    [id] => 1
                    [name] => Вася
                    [feedback] => Привет от Васи
                )

        )

)



### 28.12.2019 19:17:00
Array
(
    [auth] => 1
    [user] => admin
    [tel] => +14109573877
    [count] => 2
)



### 28.12.2019 19:17:01
Array
(
    [auth] => 1
    [user] => admin
    [tel] => +14109573877
    [count] => 2
    [goods] => Array
        (
            [0] => Array
                (
                    [id] => 1
                    [name] => Футболка
                    [image] => shirt1.jpg
                    [short_desc] => Мужская футболка
                    [description] => Мужская футболка с модным принтом
                    [price] => 100
                    [likes] => 3
                )

            [1] => Array
                (
                    [id] => 2
                    [name] => Блузка
                    [image] => shirt2.jpg
                    [short_desc] => Блузка женская
                    [description] => Элегантная блузка для женщин
                    [price] => 150
                    [likes] => 1
                )

            [2] => Array
                (
                    [id] => 3
                    [name] => Куртка
                    [image] => shirt3.jpg
                    [short_desc] => Куртка мужская
                    [description] => Стильная мужская куртка с дутым эффектом
                    [price] => 300
                    [likes] => 0
                )

            [3] => Array
                (
                    [id] => 4
                    [name] => Платье
                    [image] => shirt4.jpg
                    [short_desc] => Платье весеннее
                    [description] => Весеннее платье с нарядным принтом
                    [price] => 170
                    [likes] => 1
                )

            [4] => Array
                (
                    [id] => 7
                    [name] => Платье
                    [image] => shirt5.jpg
                    [short_desc] => Платье в полоску
                    [description] => Стильное и оригинальное платье в полоску
                    [price] => 190
                    [likes] => 0
                )

        )

)



### 28.12.2019 19:17:02
Array
(
    [auth] => 1
    [user] => admin
    [tel] => +14109573877
    [count] => 2
)



### 28.12.2019 19:17:03
Array
(
    [auth] => 1
    [user] => admin
    [tel] => +14109573877
    [count] => 2
    [news] => Array
        (
            [0] => Array
                (
                    [id] => 1
                    [category] => 1
                    [prev] => Китай выразил протест США из-за выдворения дипломатов
                    [text] => ПЕКИН, 16 дек — РИА Новости. Пекин выразил протест и сделал представление Вашингтону после выдворения китайских дипломатов, заявил официальный представитель МИД КНР Гэн Шуан.
Ранее газета The New York Times со ссылкой на источники написала, что США тайно выслали двух дипломатов, которые в конце сентября этого года пытались попасть на военную базу близ Норфолка в штате Виргиния. Издание отметило, что последнее выдворение было более 30 лет назад, в 1987 году.
                )

            [1] => Array
                (
                    [id] => 2
                    [category] => 2
                    [prev] => Воздушная дуэль истребителей МиГ-32БМ попала на видео
                    [text] => МОСКВА, 16 дек – РИА Новости. Телеканал "Звезда" опубликовал видео воздушной учебной дуэли двух МиГ-31БМ.
Истребители выполнили "бочку" и другие фигуры сложного пилотажа, а также отработали различные маневры для быстрой смены положения и ведения огня.
Отмечается, что большая часть дуэли проходила на предельных скоростях самолета, что позволило летчикам усовершенствовать навыки по выдерживанию длительных перегрузок.
                )

            [2] => Array
                (
                    [id] => 3
                    [category] => 2
                    [prev] => Opel возобновил продажи в России
                    [text] => МОСКВА, 16 дек — РИА Новости. Opel возвращается в Россию, в салоны официальных дилеров поступили первые модели Zafira Life и Grandland X.
Продажи стартовали в Москве, Санкт-Петербурге, Нижнем Новгороде, Ростове-на-Дону, Рязани и Ставрополе.
                )

            [3] => Array
                (
                    [id] => 4
                    [category] => 2
                    [prev] => На Сахалине ответили на заявления о передаче Курил Японии
                    [text] => ЮЖНО-САХАЛИНСК, 16 дек — РИА Новости. Депутат Сахалинской областной думы Максим Козлов сказал РИА Новости, что считает недопустимой риторикой призыв объявить Курильский архипелаг территорией Японии.
Ранее сообщалось, что глава оппозиционной Коммунистической партии Японии Кадзуо Сии в интервью газете "Ёмиури" заявил, что Токио на переговорах с Москвой должен потребовать весь Курильский архипелаг, поскольку это "исконно японская территория".
                )

        )

)



### 28.12.2019 19:17:04
Array
(
    [auth] => 1
    [user] => admin
    [tel] => +14109573877
    [count] => 2
)



### 28.12.2019 19:17:05
Array
(
    [auth] => 1
    [user] => admin
    [tel] => +14109573877
    [count] => 2
)



### 28.12.2019 19:17:06
Array
(
    [auth] => 1
    [user] => admin
    [tel] => +14109573877
    [count] => 2
)



### 28.12.2019 19:17:08
Array
(
    [auth] => 1
    [user] => admin
    [tel] => +14109573877
    [count] => 2
    [basket] => Array
        (
            [0] => Array
                (
                    [basket_id] => 166
                    [goods_id] => 2
                    [name] => Блузка
                    [price] => 150
                    [image] => shirt2.jpg
                )

            [1] => Array
                (
                    [basket_id] => 168
                    [goods_id] => 4
                    [name] => Платье
                    [price] => 170
                    [image] => shirt4.jpg
                )

        )

    [summ] => 320
)



### 28.12.2019 19:17:09
Array
(
    [auth] => 1
    [user] => admin
    [tel] => +14109573877
    [count] => 2
)



### 28.12.2019 19:17:10
Array
(
    [auth] => 1
    [user] => admin
    [tel] => +14109573877
    [count] => 2
    [orders] => Array
        (
            [0] => Array
                (
                    [id] => 8
                    [session_id] => kmcot1bbel6c282ssh7r5d5ks4drq55t
                    [login] => Dmitriy
                    [tel] => +7 (123) 465-66-56
                    [address] => oceancity, md
                )

            [1] => Array
                (
                    [id] => 10
                    [session_id] => 9gveo3lpgie2m1enlccmm3ifgvi4v52f
                    [login] => Racoon
                    [tel] => +7 (554) 545-45-45
                    [address] => salisbury, md
                )

            [2] => Array
                (
                    [id] => 11
                    [session_id] => rk8ov6s8sp27p88lv99ljgpar1d3r07c
                    [login] => mike
                    [tel] => +7 (999) 171-20-17
                    [address] => pocomoke, md
                )

        )

)



### 28.12.2019 19:17:10
Array
(
    [auth] => 1
    [user] => admin
    [tel] => +14109573877
    [count] => 2
)



### 28.12.2019 19:19:41
Array
(
    [auth] => 1
    [user] => admin
    [tel] => +14109573877
    [count] => 2
    [goods] => Array
        (
            [0] => Array
                (
                    [id] => 1
                    [name] => Футболка
                    [image] => shirt1.jpg
                    [short_desc] => Мужская футболка
                    [description] => Мужская футболка с модным принтом
                    [price] => 100
                    [likes] => 3
                )

            [1] => Array
                (
                    [id] => 2
                    [name] => Блузка
                    [image] => shirt2.jpg
                    [short_desc] => Блузка женская
                    [description] => Элегантная блузка для женщин
                    [price] => 150
                    [likes] => 1
                )

            [2] => Array
                (
                    [id] => 3
                    [name] => Куртка
                    [image] => shirt3.jpg
                    [short_desc] => Куртка мужская
                    [description] => Стильная мужская куртка с дутым эффектом
                    [price] => 300
                    [likes] => 0
                )

            [3] => Array
                (
                    [id] => 4
                    [name] => Платье
                    [image] => shirt4.jpg
                    [short_desc] => Платье весеннее
                    [description] => Весеннее платье с нарядным принтом
                    [price] => 170
                    [likes] => 1
                )

            [4] => Array
                (
                    [id] => 7
                    [name] => Платье
                    [image] => shirt5.jpg
                    [short_desc] => Платье в полоску
                    [description] => Стильное и оригинальное платье в полоску
                    [price] => 190
                    [likes] => 0
                )

        )

)



### 28.12.2019 19:19:42
Array
(
    [auth] => 1
    [user] => admin
    [tel] => +14109573877
    [count] => 2
)



### 28.12.2019 19:22:12
Array
(
    [auth] => 1
    [user] => admin
    [tel] => +14109573877
    [count] => 2
    [goods] => Array
        (
            [0] => Array
                (
                    [id] => 1
                    [name] => Футболка
                    [image] => shirt1.jpg
                    [short_desc] => Мужская футболка
                    [description] => Мужская футболка с модным принтом
                    [price] => 100
                    [likes] => 3
                )

            [1] => Array
                (
                    [id] => 2
                    [name] => Блузка
                    [image] => shirt2.jpg
                    [short_desc] => Блузка женская
                    [description] => Элегантная блузка для женщин
                    [price] => 150
                    [likes] => 1
                )

            [2] => Array
                (
                    [id] => 3
                    [name] => Куртка
                    [image] => shirt3.jpg
                    [short_desc] => Куртка мужская
                    [description] => Стильная мужская куртка с дутым эффектом
                    [price] => 300
                    [likes] => 0
                )

            [3] => Array
                (
                    [id] => 4
                    [name] => Платье
                    [image] => shirt4.jpg
                    [short_desc] => Платье весеннее
                    [description] => Весеннее платье с нарядным принтом
                    [price] => 170
                    [likes] => 1
                )

            [4] => Array
                (
                    [id] => 7
                    [name] => Платье
                    [image] => shirt5.jpg
                    [short_desc] => Платье в полоску
                    [description] => Стильное и оригинальное платье в полоску
                    [price] => 190
                    [likes] => 0
                )

        )

)



### 28.12.2019 19:22:13
Array
(
    [auth] => 1
    [user] => admin
    [tel] => +14109573877
    [count] => 2
)



### 28.12.2019 19:22:14
Array
(
    [auth] => 1
    [user] => admin
    [tel] => +14109573877
    [count] => 2
)



### 28.12.2019 19:22:14
Array
(
    [auth] => 1
    [user] => admin
    [tel] => +14109573877
    [count] => 2
)



### 28.12.2019 19:22:15
Array
(
    [auth] => 1
    [user] => admin
    [tel] => +14109573877
    [count] => 2
    [news] => Array
        (
            [0] => Array
                (
                    [id] => 1
                    [category] => 1
                    [prev] => Китай выразил протест США из-за выдворения дипломатов
                    [text] => ПЕКИН, 16 дек — РИА Новости. Пекин выразил протест и сделал представление Вашингтону после выдворения китайских дипломатов, заявил официальный представитель МИД КНР Гэн Шуан.
Ранее газета The New York Times со ссылкой на источники написала, что США тайно выслали двух дипломатов, которые в конце сентября этого года пытались попасть на военную базу близ Норфолка в штате Виргиния. Издание отметило, что последнее выдворение было более 30 лет назад, в 1987 году.
                )

            [1] => Array
                (
                    [id] => 2
                    [category] => 2
                    [prev] => Воздушная дуэль истребителей МиГ-32БМ попала на видео
                    [text] => МОСКВА, 16 дек – РИА Новости. Телеканал "Звезда" опубликовал видео воздушной учебной дуэли двух МиГ-31БМ.
Истребители выполнили "бочку" и другие фигуры сложного пилотажа, а также отработали различные маневры для быстрой смены положения и ведения огня.
Отмечается, что большая часть дуэли проходила на предельных скоростях самолета, что позволило летчикам усовершенствовать навыки по выдерживанию длительных перегрузок.
                )

            [2] => Array
                (
                    [id] => 3
                    [category] => 2
                    [prev] => Opel возобновил продажи в России
                    [text] => МОСКВА, 16 дек — РИА Новости. Opel возвращается в Россию, в салоны официальных дилеров поступили первые модели Zafira Life и Grandland X.
Продажи стартовали в Москве, Санкт-Петербурге, Нижнем Новгороде, Ростове-на-Дону, Рязани и Ставрополе.
                )

            [3] => Array
                (
                    [id] => 4
                    [category] => 2
                    [prev] => На Сахалине ответили на заявления о передаче Курил Японии
                    [text] => ЮЖНО-САХАЛИНСК, 16 дек — РИА Новости. Депутат Сахалинской областной думы Максим Козлов сказал РИА Новости, что считает недопустимой риторикой призыв объявить Курильский архипелаг территорией Японии.
Ранее сообщалось, что глава оппозиционной Коммунистической партии Японии Кадзуо Сии в интервью газете "Ёмиури" заявил, что Токио на переговорах с Москвой должен потребовать весь Курильский архипелаг, поскольку это "исконно японская территория".
                )

        )

)



### 28.12.2019 19:22:15
Array
(
    [auth] => 1
    [user] => admin
    [tel] => +14109573877
    [count] => 2
)



### 28.12.2019 19:22:16
Array
(
    [auth] => 1
    [user] => admin
    [tel] => +14109573877
    [count] => 2
    [goods] => Array
        (
            [0] => Array
                (
                    [id] => 1
                    [name] => Футболка
                    [image] => shirt1.jpg
                    [short_desc] => Мужская футболка
                    [description] => Мужская футболка с модным принтом
                    [price] => 100
                    [likes] => 3
                )

            [1] => Array
                (
                    [id] => 2
                    [name] => Блузка
                    [image] => shirt2.jpg
                    [short_desc] => Блузка женская
                    [description] => Элегантная блузка для женщин
                    [price] => 150
                    [likes] => 1
                )

            [2] => Array
                (
                    [id] => 3
                    [name] => Куртка
                    [image] => shirt3.jpg
                    [short_desc] => Куртка мужская
                    [description] => Стильная мужская куртка с дутым эффектом
                    [price] => 300
                    [likes] => 0
                )

            [3] => Array
                (
                    [id] => 4
                    [name] => Платье
                    [image] => shirt4.jpg
                    [short_desc] => Платье весеннее
                    [description] => Весеннее платье с нарядным принтом
                    [price] => 170
                    [likes] => 1
                )

            [4] => Array
                (
                    [id] => 7
                    [name] => Платье
                    [image] => shirt5.jpg
                    [short_desc] => Платье в полоску
                    [description] => Стильное и оригинальное платье в полоску
                    [price] => 190
                    [likes] => 0
                )

        )

)



### 28.12.2019 19:22:17
Array
(
    [auth] => 1
    [user] => admin
    [tel] => +14109573877
    [count] => 2
)



### 28.12.2019 19:22:22
Array
(
    [auth] => 1
    [user] => admin
    [tel] => +14109573877
    [count] => 3
    [basket] => Array
        (
            [0] => Array
                (
                    [basket_id] => 166
                    [goods_id] => 2
                    [name] => Блузка
                    [price] => 150
                    [image] => shirt2.jpg
                )

            [1] => Array
                (
                    [basket_id] => 168
                    [goods_id] => 4
                    [name] => Платье
                    [price] => 170
                    [image] => shirt4.jpg
                )

            [2] => Array
                (
                    [basket_id] => 169
                    [goods_id] => 2
                    [name] => Блузка
                    [price] => 150
                    [image] => shirt2.jpg
                )

        )

    [summ] => 470
)



### 28.12.2019 19:22:22
Array
(
    [auth] => 1
    [user] => admin
    [tel] => +14109573877
    [count] => 3
)



### 28.12.2019 19:22:27
Array
(
    [auth] => 1
    [user] => admin
    [tel] => +14109573877
    [count] => 2
    [orders] => Array
        (
            [0] => Array
                (
                    [id] => 8
                    [session_id] => kmcot1bbel6c282ssh7r5d5ks4drq55t
                    [login] => Dmitriy
                    [tel] => +7 (123) 465-66-56
                    [address] => oceancity, md
                )

            [1] => Array
                (
                    [id] => 10
                    [session_id] => 9gveo3lpgie2m1enlccmm3ifgvi4v52f
                    [login] => Racoon
                    [tel] => +7 (554) 545-45-45
                    [address] => salisbury, md
                )

            [2] => Array
                (
                    [id] => 11
                    [session_id] => rk8ov6s8sp27p88lv99ljgpar1d3r07c
                    [login] => mike
                    [tel] => +7 (999) 171-20-17
                    [address] => pocomoke, md
                )

        )

)



### 28.12.2019 19:22:27
Array
(
    [auth] => 1
    [user] => admin
    [tel] => +14109573877
    [count] => 2
)



### 28.12.2019 19:22:28
Array
(
    [auth] => 1
    [user] => admin
    [tel] => +14109573877
    [count] => 2
    [order] => Array
        (
            [0] => Array
                (
                    [id] => 1
                    [goods_id] => 1
                    [session_id] => kmcot1bbel6c282ssh7r5d5ks4drq55t
                    [login] => Dmitriy
                    [tel] => +7 (123) 465-66-56
                    [address] => oceancity, md
                    [name] => Футболка
                    [image] => shirt1.jpg
                    [short_desc] => Мужская футболка
                    [description] => Мужская футболка с модным принтом
                    [price] => 100
                    [likes] => 3
                )

            [1] => Array
                (
                    [id] => 3
                    [goods_id] => 3
                    [session_id] => kmcot1bbel6c282ssh7r5d5ks4drq55t
                    [login] => Dmitriy
                    [tel] => +7 (123) 465-66-56
                    [address] => oceancity, md
                    [name] => Куртка
                    [image] => shirt3.jpg
                    [short_desc] => Куртка мужская
                    [description] => Стильная мужская куртка с дутым эффектом
                    [price] => 300
                    [likes] => 0
                )

            [2] => Array
                (
                    [id] => 4
                    [goods_id] => 4
                    [session_id] => kmcot1bbel6c282ssh7r5d5ks4drq55t
                    [login] => Dmitriy
                    [tel] => +7 (123) 465-66-56
                    [address] => oceancity, md
                    [name] => Платье
                    [image] => shirt4.jpg
                    [short_desc] => Платье весеннее
                    [description] => Весеннее платье с нарядным принтом
                    [price] => 170
                    [likes] => 1
                )

        )

    [summ] => 570
)



### 28.12.2019 19:22:29
Array
(
    [auth] => 1
    [user] => admin
    [tel] => +14109573877
    [count] => 2
)



### 28.12.2019 19:22:31
Array
(
    [auth] => 1
    [user] => admin
    [tel] => +14109573877
    [count] => 2
    [orders] => Array
        (
            [0] => Array
                (
                    [id] => 8
                    [session_id] => kmcot1bbel6c282ssh7r5d5ks4drq55t
                    [login] => Dmitriy
                    [tel] => +7 (123) 465-66-56
                    [address] => oceancity, md
                )

            [1] => Array
                (
                    [id] => 10
                    [session_id] => 9gveo3lpgie2m1enlccmm3ifgvi4v52f
                    [login] => Racoon
                    [tel] => +7 (554) 545-45-45
                    [address] => salisbury, md
                )

            [2] => Array
                (
                    [id] => 11
                    [session_id] => rk8ov6s8sp27p88lv99ljgpar1d3r07c
                    [login] => mike
                    [tel] => +7 (999) 171-20-17
                    [address] => pocomoke, md
                )

        )

)



### 28.12.2019 19:22:31
Array
(
    [auth] => 1
    [user] => admin
    [tel] => +14109573877
    [count] => 2
)



### 28.12.2019 19:22:32
Array
(
    [auth] => 1
    [user] => admin
    [tel] => +14109573877
    [count] => 2
    [order] => Array
        (
            [0] => Array
                (
                    [id] => 1
                    [goods_id] => 1
                    [session_id] => rk8ov6s8sp27p88lv99ljgpar1d3r07c
                    [login] => mike
                    [tel] => +7 (999) 171-20-17
                    [address] => pocomoke, md
                    [name] => Футболка
                    [image] => shirt1.jpg
                    [short_desc] => Мужская футболка
                    [description] => Мужская футболка с модным принтом
                    [price] => 100
                    [likes] => 3
                )

            [1] => Array
                (
                    [id] => 3
                    [goods_id] => 3
                    [session_id] => rk8ov6s8sp27p88lv99ljgpar1d3r07c
                    [login] => mike
                    [tel] => +7 (999) 171-20-17
                    [address] => pocomoke, md
                    [name] => Куртка
                    [image] => shirt3.jpg
                    [short_desc] => Куртка мужская
                    [description] => Стильная мужская куртка с дутым эффектом
                    [price] => 300
                    [likes] => 0
                )

        )

    [summ] => 400
)



### 28.12.2019 19:22:33
Array
(
    [auth] => 1
    [user] => admin
    [tel] => +14109573877
    [count] => 2
)



### 28.12.2019 19:22:37
Array
(
    [auth] => 1
    [user] => admin
    [tel] => +14109573877
    [count] => 2
    [orders] => Array
        (
            [0] => Array
                (
                    [id] => 8
                    [session_id] => kmcot1bbel6c282ssh7r5d5ks4drq55t
                    [login] => Dmitriy
                    [tel] => +7 (123) 465-66-56
                    [address] => oceancity, md
                )

            [1] => Array
                (
                    [id] => 10
                    [session_id] => 9gveo3lpgie2m1enlccmm3ifgvi4v52f
                    [login] => Racoon
                    [tel] => +7 (554) 545-45-45
                    [address] => salisbury, md
                )

            [2] => Array
                (
                    [id] => 11
                    [session_id] => rk8ov6s8sp27p88lv99ljgpar1d3r07c
                    [login] => mike
                    [tel] => +7 (999) 171-20-17
                    [address] => pocomoke, md
                )

        )

)



### 28.12.2019 19:22:37
Array
(
    [auth] => 1
    [user] => admin
    [tel] => +14109573877
    [count] => 2
)



### 28.12.2019 19:23:42
Array
(
    [auth] => 1
    [user] => admin
    [tel] => +14109573877
    [count] => 2
    [goods] => Array
        (
            [0] => Array
                (
                    [id] => 1
                    [name] => Футболка
                    [image] => shirt1.jpg
                    [short_desc] => Мужская футболка
                    [description] => Мужская футболка с модным принтом
                    [price] => 100
                    [likes] => 3
                )

            [1] => Array
                (
                    [id] => 2
                    [name] => Блузка
                    [image] => shirt2.jpg
                    [short_desc] => Блузка женская
                    [description] => Элегантная блузка для женщин
                    [price] => 150
                    [likes] => 1
                )

            [2] => Array
                (
                    [id] => 3
                    [name] => Куртка
                    [image] => shirt3.jpg
                    [short_desc] => Куртка мужская
                    [description] => Стильная мужская куртка с дутым эффектом
                    [price] => 300
                    [likes] => 0
                )

            [3] => Array
                (
                    [id] => 4
                    [name] => Платье
                    [image] => shirt4.jpg
                    [short_desc] => Платье весеннее
                    [description] => Весеннее платье с нарядным принтом
                    [price] => 170
                    [likes] => 1
                )

            [4] => Array
                (
                    [id] => 7
                    [name] => Платье
                    [image] => shirt5.jpg
                    [short_desc] => Платье в полоску
                    [description] => Стильное и оригинальное платье в полоску
                    [price] => 190
                    [likes] => 0
                )

        )

)



### 28.12.2019 19:23:43
Array
(
    [auth] => 1
    [user] => admin
    [tel] => +14109573877
    [count] => 2
)



### 28.12.2019 19:23:43
Array
(
    [auth] => 1
    [user] => admin
    [tel] => +14109573877
    [count] => 2
    [basket] => Array
        (
            [0] => Array
                (
                    [basket_id] => 166
                    [goods_id] => 2
                    [name] => Блузка
                    [price] => 150
                    [image] => shirt2.jpg
                )

            [1] => Array
                (
                    [basket_id] => 168
                    [goods_id] => 4
                    [name] => Платье
                    [price] => 170
                    [image] => shirt4.jpg
                )

        )

    [summ] => 320
)



### 28.12.2019 19:23:43
Array
(
    [auth] => 1
    [user] => admin
    [tel] => +14109573877
    [count] => 2
)



