### 13.12.2019 21:57:17
Array
(
    [catalog] => Array
        (
            [0] => Array
                (
                    [name] => Пицца
                    [price] => 24
                )

            [1] => Array
                (
                    [name] => Чай
                    [price] => 1
                )

            [2] => Array
                (
                    [name] => Яблоко
                    [price] => 12
                )

        )

)



### 13.12.2019 21:57:17
Array
(
    [name] => Вася
)



### 13.12.2019 21:57:17
Array
(
)



### 13.12.2019 21:57:17
Array
(
    [name] => Вася
)



### 13.12.2019 21:57:18
Array
(
    [news] => Array
        (
        )

)



### 13.12.2019 21:57:18
Array
(
    [name] => Вася
)



